Using pre-set license
Built from '2021.3/staging' branch; Version is '2021.3.31f1 (3409e2af086f) revision 3410402'; Using compiler version '192829333'; Build Type 'Release'
OS: 'Windows 10  (10.0.19045) 64bit Core' Language: 'en' Physical Memory: 16334 MB
BatchMode: 1, IsHumanControllingUs: 0, StartBugReporterOnCrash: 0, Is64bit: 1, IsPro: 1

COMMAND LINE ARGUMENTS:
H:\unity hub\2021.3.31f1\Editor\Unity.exe
-adb2
-batchMode
-noUpm
-name
AssetImportWorker11
-projectPath
H:/Facultate/Anul III/Proiect IMR/Proiect-IMR/GhostlyHunt
-logFile
Logs/AssetImportWorker11.log
-srvPort
61523
Successfully changed project path to: H:/Facultate/Anul III/Proiect IMR/Proiect-IMR/GhostlyHunt
H:/Facultate/Anul III/Proiect IMR/Proiect-IMR/GhostlyHunt
[UnityMemory] Configuration Parameters - Can be set up in boot.config
    "memorysetup-bucket-allocator-granularity=16"
    "memorysetup-bucket-allocator-bucket-count=8"
    "memorysetup-bucket-allocator-block-size=33554432"
    "memorysetup-bucket-allocator-block-count=8"
    "memorysetup-main-allocator-block-size=16777216"
    "memorysetup-thread-allocator-block-size=16777216"
    "memorysetup-gfx-main-allocator-block-size=16777216"
    "memorysetup-gfx-thread-allocator-block-size=16777216"
    "memorysetup-cache-allocator-block-size=4194304"
    "memorysetup-typetree-allocator-block-size=2097152"
    "memorysetup-profiler-bucket-allocator-granularity=16"
    "memorysetup-profiler-bucket-allocator-bucket-count=8"
    "memorysetup-profiler-bucket-allocator-block-size=33554432"
    "memorysetup-profiler-bucket-allocator-block-count=8"
    "memorysetup-profiler-allocator-block-size=16777216"
    "memorysetup-profiler-editor-allocator-block-size=1048576"
    "memorysetup-temp-allocator-size-main=16777216"
    "memorysetup-job-temp-allocator-block-size=2097152"
    "memorysetup-job-temp-allocator-block-size-background=1048576"
    "memorysetup-job-temp-allocator-reduction-small-platforms=262144"
    "memorysetup-temp-allocator-size-background-worker=32768"
    "memorysetup-temp-allocator-size-job-worker=262144"
    "memorysetup-temp-allocator-size-preload-manager=33554432"
    "memorysetup-temp-allocator-size-nav-mesh-worker=65536"
    "memorysetup-temp-allocator-size-audio-worker=65536"
    "memorysetup-temp-allocator-size-cloud-worker=32768"
    "memorysetup-temp-allocator-size-gi-baking-worker=262144"
    "memorysetup-temp-allocator-size-gfx=262144"
Player connection [5280] Host "[IP] 192.168.0.157 [Port] 0 [Flags] 2 [Guid] 1640082886 [EditorId] 1640082886 [Version] 1048832 [Id] WindowsEditor(7,DESKTOP-A7I5T81) [Debug] 1 [PackageName] WindowsEditor [ProjectName] Editor" joined multi-casting on [225.0.0.222:54997]...

Player connection [5280] Host "[IP] 192.168.0.157 [Port] 0 [Flags] 2 [Guid] 1640082886 [EditorId] 1640082886 [Version] 1048832 [Id] WindowsEditor(7,DESKTOP-A7I5T81) [Debug] 1 [PackageName] WindowsEditor [ProjectName] Editor" joined alternative multi-casting on [225.0.0.222:34997]...

[Physics::Module] Initialized MultithreadedJobDispatcher with {0} workers.
Refreshing native plugins compatible for Editor in 66.65 ms, found 3 plugins.
Preloading 0 native plugins for Editor in 0.00 ms.
Initialize engine version: 2021.3.31f1 (3409e2af086f)
[Subsystems] Discovering subsystems at path H:/unity hub/2021.3.31f1/Editor/Data/Resources/UnitySubsystems
[Subsystems] Discovering subsystems at path H:/Facultate/Anul III/Proiect IMR/Proiect-IMR/GhostlyHunt/Assets
GfxDevice: creating device client; threaded=0; jobified=0
Direct3D:
    Version:  Direct3D 11.0 [level 11.1]
    Renderer: NVIDIA GeForce GTX 1060 6GB (ID=0x1c03)
    Vendor:   NVIDIA
    VRAM:     6043 MB
    Driver:   31.0.15.3623
Initialize mono
Mono path[0] = 'H:/unity hub/2021.3.31f1/Editor/Data/Managed'
Mono path[1] = 'H:/unity hub/2021.3.31f1/Editor/Data/MonoBleedingEdge/lib/mono/unityjit-win32'
Mono config path = 'H:/unity hub/2021.3.31f1/Editor/Data/MonoBleedingEdge/etc'
Using monoOptions --debugger-agent=transport=dt_socket,embedding=1,server=y,suspend=n,address=127.0.0.1:56664
Begin MonoManager ReloadAssembly
Registering precompiled unity dll's ...
Register platform support module: H:/unity hub/2021.3.31f1/Editor/Data/PlaybackEngines/WindowsStandaloneSupport/UnityEditor.WindowsStandalone.Extensions.dll
Registered in 0.002249 seconds.
Native extension for WindowsStandalone target not found
Refreshing native plugins compatible for Editor in 69.48 ms, found 3 plugins.
Preloading 0 native plugins for Editor in 0.00 ms.
Mono: successfully reloaded assembly
- Completed reload, in  0.562 seconds
Domain Reload Profiling:
	ReloadAssembly (562ms)
		BeginReloadAssembly (81ms)
			ExecutionOrderSort (0ms)
			DisableScriptedObjects (0ms)
			BackupInstance (0ms)
			ReleaseScriptingObjects (0ms)
			CreateAndSetChildDomain (1ms)
		EndReloadAssembly (402ms)
			LoadAssemblies (80ms)
			RebuildTransferFunctionScriptingTraits (0ms)
			SetupTypeCache (99ms)
			ReleaseScriptCaches (0ms)
			RebuildScriptCaches (25ms)
			SetupLoadedEditorAssemblies (242ms)
				LogAssemblyErrors (0ms)
				InitializePlatformSupportModulesInManaged (7ms)
				SetLoadedEditorAssemblies (0ms)
				RefreshPlugins (70ms)
				BeforeProcessingInitializeOnLoad (1ms)
				ProcessInitializeOnLoadAttributes (122ms)
				ProcessInitializeOnLoadMethodAttributes (43ms)
				AfterProcessingInitializeOnLoad (0ms)
				EditorAssembliesLoaded (0ms)
			ExecutionOrderSort2 (0ms)
			AwakeInstancesAfterBackupRestoration (0ms)
Platform modules already initialized, skipping
Registering precompiled user dll's ...
Registered in 0.004190 seconds.
Begin MonoManager ReloadAssembly
Native extension for WindowsStandalone target not found
Refreshing native plugins compatible for Editor in 0.59 ms, found 3 plugins.
Preloading 0 native plugins for Editor in 0.00 ms.
Package Manager log level set to [2]
[Package Manager] Server::EnsureServerProcessIsRunning -- launch failed, reason: Unity was launched with the -noUpm command-line argument
[Package Manager] Cannot connect to Unity Package Manager local server
Mono: successfully reloaded assembly
- Completed reload, in  1.235 seconds
Domain Reload Profiling:
	ReloadAssembly (1236ms)
		BeginReloadAssembly (118ms)
			ExecutionOrderSort (0ms)
			DisableScriptedObjects (5ms)
			BackupInstance (0ms)
			ReleaseScriptingObjects (0ms)
			CreateAndSetChildDomain (18ms)
		EndReloadAssembly (1024ms)
			LoadAssemblies (84ms)
			RebuildTransferFunctionScriptingTraits (0ms)
			SetupTypeCache (234ms)
			ReleaseScriptCaches (1ms)
			RebuildScriptCaches (42ms)
			SetupLoadedEditorAssemblies (658ms)
				LogAssemblyErrors (0ms)
				InitializePlatformSupportModulesInManaged (4ms)
				SetLoadedEditorAssemblies (0ms)
				RefreshPlugins (1ms)
				BeforeProcessingInitializeOnLoad (64ms)
				ProcessInitializeOnLoadAttributes (566ms)
				ProcessInitializeOnLoadMethodAttributes (20ms)
				AfterProcessingInitializeOnLoad (3ms)
				EditorAssembliesLoaded (0ms)
			ExecutionOrderSort2 (0ms)
			AwakeInstancesAfterBackupRestoration (5ms)
Platform modules already initialized, skipping
========================================================================
Worker process is ready to serve import requests
Launched and connected shader compiler UnityShaderCompiler.exe after 0.04 seconds
Refreshing native plugins compatible for Editor in 0.49 ms, found 3 plugins.
Preloading 0 native plugins for Editor in 0.00 ms.
Unloading 3066 Unused Serialized files (Serialized files now loaded: 0)
Unloading 23 unused Assets / (46.7 KB). Loaded Objects now: 3548.
Memory consumption went from 125.2 MB to 125.1 MB.
Total: 2.386500 ms (FindLiveObjects: 0.232400 ms CreateObjectMapping: 0.080700 ms MarkObjects: 2.004900 ms  DeleteObjects: 0.067900 ms)

AssetImportParameters requested are different than current active one (requested -> active):
  custom:video-decoder-ogg-theora: a1e56fd34408186e4bbccfd4996cb3dc -> 
  custom:container-muxer-webm: aa71ff27fc2769a1b78a27578f13a17b -> 
  custom:container-demuxer-webm: 4f35f7cbe854078d1ac9338744f61a02 -> 
  custom:video-encoder-webm-vp8: eb34c28f22e8b96e1ab97ce403110664 -> 
  custom:CustomObjectIndexerAttribute: bc11b3a6c3213fcdd17b65e7da85e133 -> 
  custom:audio-encoder-webm-vorbis: bf7c407c2cedff20999df2af8eb42d56 -> 
  custom:framework-win-MediaFoundation: 216162199b28c13a410421893ffa2e32 -> 
  custom:SearchIndexIgnoredProperties: e643bd26f0fe6173181afceb89e7c659 -> 
  custom:container-demuxer-ogg: 62fdf1f143b41e24485cea50d1cbac27 -> 
  custom:video-decoder-webm-vp8: 9c59270c3fd7afecdb556c50c9e8de78 -> 
  custom:audio-decoder-ogg-vorbis: bf7c407c2cedff20999df2af8eb42d56 -> 
========================================================================
Received Import Request.
  Time since last request: 29677.160689 seconds.
  path: Assets/New Terrain.asset
  artifactKey: Guid(f329935e12578904eb0e10b1d32d438c) Importer(815301076,1909f56bfc062723c751e8b465ee728b)
Number of updated assets reloaded before import = 0
Start importing Assets/New Terrain.asset using Guid(f329935e12578904eb0e10b1d32d438c) Importer(815301076,1909f56bfc062723c751e8b465ee728b)  -> (artifact id: '7f814bdad538cd9021b293ef731a3ae3') in 0.065159 seconds 
Number of asset objects unloaded after import = 2
========================================================================
Received Prepare
Registering precompiled user dll's ...
Registered in 0.004320 seconds.
Begin MonoManager ReloadAssembly
Native extension for WindowsStandalone target not found
Refreshing native plugins compatible for Editor in 0.62 ms, found 3 plugins.
Preloading 0 native plugins for Editor in 0.00 ms.
[Package Manager] Server::EnsureServerProcessIsRunning -- launch failed, reason: Unity was launched with the -noUpm command-line argument
[Package Manager] Cannot connect to Unity Package Manager local server
Mono: successfully reloaded assembly
- Completed reload, in  1.355 seconds
Domain Reload Profiling:
	ReloadAssembly (1356ms)
		BeginReloadAssembly (151ms)
			ExecutionOrderSort (0ms)
			DisableScriptedObjects (5ms)
			BackupInstance (0ms)
			ReleaseScriptingObjects (0ms)
			CreateAndSetChildDomain (34ms)
		EndReloadAssembly (1115ms)
			LoadAssemblies (105ms)
			RebuildTransferFunctionScriptingTraits (0ms)
			SetupTypeCache (309ms)
			ReleaseScriptCaches (1ms)
			RebuildScriptCaches (40ms)
			SetupLoadedEditorAssemblies (652ms)
				LogAssemblyErrors (0ms)
				InitializePlatformSupportModulesInManaged (4ms)
				SetLoadedEditorAssemblies (0ms)
				RefreshPlugins (1ms)
				BeforeProcessingInitializeOnLoad (59ms)
				ProcessInitializeOnLoadAttributes (563ms)
				ProcessInitializeOnLoadMethodAttributes (20ms)
				AfterProcessingInitializeOnLoad (4ms)
				EditorAssembliesLoaded (0ms)
			ExecutionOrderSort2 (0ms)
			AwakeInstancesAfterBackupRestoration (8ms)
Platform modules already initialized, skipping
Refreshing native plugins compatible for Editor in 1.42 ms, found 3 plugins.
Preloading 0 native plugins for Editor in 0.00 ms.
Unloading 3062 Unused Serialized files (Serialized files now loaded: 0)
Unloading 18 unused Assets / (21.9 KB). Loaded Objects now: 3555.
Memory consumption went from 125.2 MB to 125.2 MB.
Total: 3.650700 ms (FindLiveObjects: 0.433200 ms CreateObjectMapping: 0.107500 ms MarkObjects: 3.072400 ms  DeleteObjects: 0.036100 ms)

AssetImportParameters requested are different than current active one (requested -> active):
  custom:video-decoder-ogg-theora: a1e56fd34408186e4bbccfd4996cb3dc -> 
  custom:container-muxer-webm: aa71ff27fc2769a1b78a27578f13a17b -> 
  custom:container-demuxer-webm: 4f35f7cbe854078d1ac9338744f61a02 -> 
  custom:video-encoder-webm-vp8: eb34c28f22e8b96e1ab97ce403110664 -> 
  custom:CustomObjectIndexerAttribute: bc11b3a6c3213fcdd17b65e7da85e133 -> 
  custom:audio-encoder-webm-vorbis: bf7c407c2cedff20999df2af8eb42d56 -> 
  custom:framework-win-MediaFoundation: 216162199b28c13a410421893ffa2e32 -> 
  custom:SearchIndexIgnoredProperties: e643bd26f0fe6173181afceb89e7c659 -> 
  custom:container-demuxer-ogg: 62fdf1f143b41e24485cea50d1cbac27 -> 
  custom:video-decoder-webm-vp8: 9c59270c3fd7afecdb556c50c9e8de78 -> 
  custom:audio-decoder-ogg-vorbis: bf7c407c2cedff20999df2af8eb42d56 -> 
========================================================================
Received Import Request.
  Time since last request: 16.610925 seconds.
  path: Assets/New Terrain.asset
  artifactKey: Guid(f329935e12578904eb0e10b1d32d438c) Importer(815301076,1909f56bfc062723c751e8b465ee728b)
Number of updated assets reloaded before import = 0
Start importing Assets/New Terrain.asset using Guid(f329935e12578904eb0e10b1d32d438c) Importer(815301076,1909f56bfc062723c751e8b465ee728b)  -> (artifact id: '490c040e5960a6a812f4ea98b23bdd17') in 0.080398 seconds 
Number of asset objects unloaded after import = 3
========================================================================
Received Prepare
Registering precompiled user dll's ...
Registered in 0.003600 seconds.
Begin MonoManager ReloadAssembly
Native extension for WindowsStandalone target not found
Refreshing native plugins compatible for Editor in 0.59 ms, found 3 plugins.
Preloading 0 native plugins for Editor in 0.00 ms.
[Package Manager] Server::EnsureServerProcessIsRunning -- launch failed, reason: Unity was launched with the -noUpm command-line argument
[Package Manager] Cannot connect to Unity Package Manager local server
Mono: successfully reloaded assembly
- Completed reload, in  1.211 seconds
Domain Reload Profiling:
	ReloadAssembly (1211ms)
		BeginReloadAssembly (139ms)
			ExecutionOrderSort (0ms)
			DisableScriptedObjects (6ms)
			BackupInstance (0ms)
			ReleaseScriptingObjects (0ms)
			CreateAndSetChildDomain (32ms)
		EndReloadAssembly (990ms)
			LoadAssemblies (93ms)
			RebuildTransferFunctionScriptingTraits (0ms)
			SetupTypeCache (233ms)
			ReleaseScriptCaches (1ms)
			RebuildScriptCaches (38ms)
			SetupLoadedEditorAssemblies (619ms)
				LogAssemblyErrors (0ms)
				InitializePlatformSupportModulesInManaged (4ms)
				SetLoadedEditorAssemblies (0ms)
				RefreshPlugins (1ms)
				BeforeProcessingInitializeOnLoad (49ms)
				ProcessInitializeOnLoadAttributes (545ms)
				ProcessInitializeOnLoadMethodAttributes (17ms)
				AfterProcessingInitializeOnLoad (3ms)
				EditorAssembliesLoaded (0ms)
			ExecutionOrderSort2 (0ms)
			AwakeInstancesAfterBackupRestoration (8ms)
Platform modules already initialized, skipping
Refreshing native plugins compatible for Editor in 1.16 ms, found 3 plugins.
Preloading 0 native plugins for Editor in 0.00 ms.
Unloading 3064 Unused Serialized files (Serialized files now loaded: 0)
Unloading 18 unused Assets / (21.9 KB). Loaded Objects now: 3562.
Memory consumption went from 125.3 MB to 125.3 MB.
Total: 2.911700 ms (FindLiveObjects: 0.386400 ms CreateObjectMapping: 0.083400 ms MarkObjects: 2.412500 ms  DeleteObjects: 0.028100 ms)

AssetImportParameters requested are different than current active one (requested -> active):
  custom:video-decoder-ogg-theora: a1e56fd34408186e4bbccfd4996cb3dc -> 
  custom:container-muxer-webm: aa71ff27fc2769a1b78a27578f13a17b -> 
  custom:container-demuxer-webm: 4f35f7cbe854078d1ac9338744f61a02 -> 
  custom:video-encoder-webm-vp8: eb34c28f22e8b96e1ab97ce403110664 -> 
  custom:CustomObjectIndexerAttribute: bc11b3a6c3213fcdd17b65e7da85e133 -> 
  custom:audio-encoder-webm-vorbis: bf7c407c2cedff20999df2af8eb42d56 -> 
  custom:framework-win-MediaFoundation: 216162199b28c13a410421893ffa2e32 -> 
  custom:SearchIndexIgnoredProperties: e643bd26f0fe6173181afceb89e7c659 -> 
  custom:container-demuxer-ogg: 62fdf1f143b41e24485cea50d1cbac27 -> 
  custom:video-decoder-webm-vp8: 9c59270c3fd7afecdb556c50c9e8de78 -> 
  custom:audio-decoder-ogg-vorbis: bf7c407c2cedff20999df2af8eb42d56 -> 
========================================================================
Received Import Request.
  Time since last request: 83.153076 seconds.
  path: Assets/BrokenVector/LowPolyDungeon/Colliders
  artifactKey: Guid(1e491f11546796d448d302767d565da0) Importer(815301076,1909f56bfc062723c751e8b465ee728b)
Number of updated assets reloaded before import = 0
Start importing Assets/BrokenVector/LowPolyDungeon/Colliders using Guid(1e491f11546796d448d302767d565da0) Importer(815301076,1909f56bfc062723c751e8b465ee728b)  -> (artifact id: 'aece487281081df2074dd613a62c4c1c') in 0.012799 seconds 
Number of asset objects unloaded after import = 0
========================================================================
Received Import Request.
  Time since last request: 3.450267 seconds.
  path: Assets/BrokenVector/LowPolyDungeon/Demo Scenes
  artifactKey: Guid(5345ca62beb9b8243a2e9dbb3c184916) Importer(815301076,1909f56bfc062723c751e8b465ee728b)
Number of updated assets reloaded before import = 0
Start importing Assets/BrokenVector/LowPolyDungeon/Demo Scenes using Guid(5345ca62beb9b8243a2e9dbb3c184916) Importer(815301076,1909f56bfc062723c751e8b465ee728b)  -> (artifact id: '877378ec026bdaf27286411844538f40') in 0.007171 seconds 
Number of asset objects unloaded after import = 0
========================================================================
Received Prepare
Registering precompiled user dll's ...
Registered in 0.003506 seconds.
Begin MonoManager ReloadAssembly
Native extension for WindowsStandalone target not found
Refreshing native plugins compatible for Editor in 0.67 ms, found 3 plugins.
Preloading 0 native plugins for Editor in 0.00 ms.
[Package Manager] Server::EnsureServerProcessIsRunning -- launch failed, reason: Unity was launched with the -noUpm command-line argument
[Package Manager] Cannot connect to Unity Package Manager local server
Mono: successfully reloaded assembly
- Completed reload, in  1.271 seconds
Domain Reload Profiling:
	ReloadAssembly (1272ms)
		BeginReloadAssembly (142ms)
			ExecutionOrderSort (0ms)
			DisableScriptedObjects (6ms)
			BackupInstance (0ms)
			ReleaseScriptingObjects (0ms)
			CreateAndSetChildDomain (30ms)
		EndReloadAssembly (1035ms)
			LoadAssemblies (95ms)
			RebuildTransferFunctionScriptingTraits (0ms)
			SetupTypeCache (264ms)
			ReleaseScriptCaches (1ms)
			RebuildScriptCaches (38ms)
			SetupLoadedEditorAssemblies (634ms)
				LogAssemblyErrors (0ms)
				InitializePlatformSupportModulesInManaged (5ms)
				SetLoadedEditorAssemblies (0ms)
				RefreshPlugins (1ms)
				BeforeProcessingInitializeOnLoad (50ms)
				ProcessInitializeOnLoadAttributes (555ms)
				ProcessInitializeOnLoadMethodAttributes (20ms)
				AfterProcessingInitializeOnLoad (3ms)
				EditorAssembliesLoaded (0ms)
			ExecutionOrderSort2 (0ms)
			AwakeInstancesAfterBackupRestoration (8ms)
Platform modules already initialized, skipping
Refreshing native plugins compatible for Editor in 0.94 ms, found 3 plugins.
Preloading 0 native plugins for Editor in 0.00 ms.
Unloading 3061 Unused Serialized files (Serialized files now loaded: 0)
Unloading 21 unused Assets / (21.9 KB). Loaded Objects now: 3562.
Memory consumption went from 125.3 MB to 125.2 MB.
Total: 2.692200 ms (FindLiveObjects: 0.400200 ms CreateObjectMapping: 0.097100 ms MarkObjects: 2.167800 ms  DeleteObjects: 0.026200 ms)

AssetImportParameters requested are different than current active one (requested -> active):
  custom:video-decoder-ogg-theora: a1e56fd34408186e4bbccfd4996cb3dc -> 
  custom:container-muxer-webm: aa71ff27fc2769a1b78a27578f13a17b -> 
  custom:container-demuxer-webm: 4f35f7cbe854078d1ac9338744f61a02 -> 
  custom:video-encoder-webm-vp8: eb34c28f22e8b96e1ab97ce403110664 -> 
  custom:CustomObjectIndexerAttribute: bc11b3a6c3213fcdd17b65e7da85e133 -> 
  custom:audio-encoder-webm-vorbis: bf7c407c2cedff20999df2af8eb42d56 -> 
  custom:framework-win-MediaFoundation: 216162199b28c13a410421893ffa2e32 -> 
  custom:SearchIndexIgnoredProperties: e643bd26f0fe6173181afceb89e7c659 -> 
  custom:container-demuxer-ogg: 62fdf1f143b41e24485cea50d1cbac27 -> 
  custom:video-decoder-webm-vp8: 9c59270c3fd7afecdb556c50c9e8de78 -> 
  custom:audio-decoder-ogg-vorbis: bf7c407c2cedff20999df2af8eb42d56 -> 
========================================================================
Received Prepare
Registering precompiled user dll's ...
Registered in 0.003451 seconds.
Begin MonoManager ReloadAssembly
Native extension for WindowsStandalone target not found
Refreshing native plugins compatible for Editor in 0.68 ms, found 3 plugins.
Preloading 0 native plugins for Editor in 0.00 ms.
[Package Manager] Server::EnsureServerProcessIsRunning -- launch failed, reason: Unity was launched with the -noUpm command-line argument
[Package Manager] Cannot connect to Unity Package Manager local server
Mono: successfully reloaded assembly
- Completed reload, in  1.264 seconds
Domain Reload Profiling:
	ReloadAssembly (1265ms)
		BeginReloadAssembly (142ms)
			ExecutionOrderSort (0ms)
			DisableScriptedObjects (5ms)
			BackupInstance (0ms)
			ReleaseScriptingObjects (0ms)
			CreateAndSetChildDomain (29ms)
		EndReloadAssembly (1033ms)
			LoadAssemblies (92ms)
			RebuildTransferFunctionScriptingTraits (0ms)
			SetupTypeCache (254ms)
			ReleaseScriptCaches (1ms)
			RebuildScriptCaches (37ms)
			SetupLoadedEditorAssemblies (643ms)
				LogAssemblyErrors (0ms)
				InitializePlatformSupportModulesInManaged (4ms)
				SetLoadedEditorAssemblies (0ms)
				RefreshPlugins (1ms)
				BeforeProcessingInitializeOnLoad (56ms)
				ProcessInitializeOnLoadAttributes (559ms)
				ProcessInitializeOnLoadMethodAttributes (21ms)
				AfterProcessingInitializeOnLoad (3ms)
				EditorAssembliesLoaded (0ms)
			ExecutionOrderSort2 (0ms)
			AwakeInstancesAfterBackupRestoration (6ms)
Platform modules already initialized, skipping
Refreshing native plugins compatible for Editor in 0.64 ms, found 3 plugins.
Preloading 0 native plugins for Editor in 0.00 ms.
Unloading 3064 Unused Serialized files (Serialized files now loaded: 0)
Unloading 18 unused Assets / (21.9 KB). Loaded Objects now: 3568.
Memory consumption went from 125.3 MB to 125.3 MB.
Total: 3.156700 ms (FindLiveObjects: 0.334600 ms CreateObjectMapping: 0.074100 ms MarkObjects: 2.715200 ms  DeleteObjects: 0.031600 ms)

AssetImportParameters requested are different than current active one (requested -> active):
  custom:video-decoder-ogg-theora: a1e56fd34408186e4bbccfd4996cb3dc -> 
  custom:container-muxer-webm: aa71ff27fc2769a1b78a27578f13a17b -> 
  custom:container-demuxer-webm: 4f35f7cbe854078d1ac9338744f61a02 -> 
  custom:video-encoder-webm-vp8: eb34c28f22e8b96e1ab97ce403110664 -> 
  custom:CustomObjectIndexerAttribute: bc11b3a6c3213fcdd17b65e7da85e133 -> 
  custom:audio-encoder-webm-vorbis: bf7c407c2cedff20999df2af8eb42d56 -> 
  custom:framework-win-MediaFoundation: 216162199b28c13a410421893ffa2e32 -> 
  custom:SearchIndexIgnoredProperties: e643bd26f0fe6173181afceb89e7c659 -> 
  custom:container-demuxer-ogg: 62fdf1f143b41e24485cea50d1cbac27 -> 
  custom:video-decoder-webm-vp8: 9c59270c3fd7afecdb556c50c9e8de78 -> 
  custom:audio-decoder-ogg-vorbis: bf7c407c2cedff20999df2af8eb42d56 -> 
========================================================================
Received Prepare
Registering precompiled user dll's ...
Registered in 0.003891 seconds.
Begin MonoManager ReloadAssembly
Native extension for WindowsStandalone target not found
Refreshing native plugins compatible for Editor in 0.75 ms, found 3 plugins.
Preloading 0 native plugins for Editor in 0.00 ms.
[Package Manager] Server::EnsureServerProcessIsRunning -- launch failed, reason: Unity was launched with the -noUpm command-line argument
[Package Manager] Cannot connect to Unity Package Manager local server
Mono: successfully reloaded assembly
- Completed reload, in  1.258 seconds
Domain Reload Profiling:
	ReloadAssembly (1258ms)
		BeginReloadAssembly (143ms)
			ExecutionOrderSort (0ms)
			DisableScriptedObjects (6ms)
			BackupInstance (0ms)
			ReleaseScriptingObjects (0ms)
			CreateAndSetChildDomain (31ms)
		EndReloadAssembly (1030ms)
			LoadAssemblies (95ms)
			RebuildTransferFunctionScriptingTraits (0ms)
			SetupTypeCache (271ms)
			ReleaseScriptCaches (1ms)
			RebuildScriptCaches (37ms)
			SetupLoadedEditorAssemblies (623ms)
				LogAssemblyErrors (0ms)
				InitializePlatformSupportModulesInManaged (4ms)
				SetLoadedEditorAssemblies (0ms)
				RefreshPlugins (1ms)
				BeforeProcessingInitializeOnLoad (48ms)
				ProcessInitializeOnLoadAttributes (550ms)
				ProcessInitializeOnLoadMethodAttributes (17ms)
				AfterProcessingInitializeOnLoad (3ms)
				EditorAssembliesLoaded (0ms)
			ExecutionOrderSort2 (0ms)
			AwakeInstancesAfterBackupRestoration (5ms)
Platform modules already initialized, skipping
Refreshing native plugins compatible for Editor in 1.11 ms, found 3 plugins.
Preloading 0 native plugins for Editor in 0.00 ms.
Unloading 3061 Unused Serialized files (Serialized files now loaded: 0)
Unloading 21 unused Assets / (22.0 KB). Loaded Objects now: 3568.
Memory consumption went from 125.2 MB to 125.2 MB.
Total: 2.406700 ms (FindLiveObjects: 0.263900 ms CreateObjectMapping: 0.071800 ms MarkObjects: 2.033400 ms  DeleteObjects: 0.036300 ms)

AssetImportParameters requested are different than current active one (requested -> active):
  custom:video-decoder-ogg-theora: a1e56fd34408186e4bbccfd4996cb3dc -> 
  custom:container-muxer-webm: aa71ff27fc2769a1b78a27578f13a17b -> 
  custom:container-demuxer-webm: 4f35f7cbe854078d1ac9338744f61a02 -> 
  custom:video-encoder-webm-vp8: eb34c28f22e8b96e1ab97ce403110664 -> 
  custom:CustomObjectIndexerAttribute: bc11b3a6c3213fcdd17b65e7da85e133 -> 
  custom:audio-encoder-webm-vorbis: bf7c407c2cedff20999df2af8eb42d56 -> 
  custom:framework-win-MediaFoundation: 216162199b28c13a410421893ffa2e32 -> 
  custom:SearchIndexIgnoredProperties: e643bd26f0fe6173181afceb89e7c659 -> 
  custom:container-demuxer-ogg: 62fdf1f143b41e24485cea50d1cbac27 -> 
  custom:video-decoder-webm-vp8: 9c59270c3fd7afecdb556c50c9e8de78 -> 
  custom:audio-decoder-ogg-vorbis: bf7c407c2cedff20999df2af8eb42d56 -> 
========================================================================
Received Import Request.
  Time since last request: 78.149032 seconds.
  path: Assets/BrokenVector/LowPolyDungeon/Models/Tiles
  artifactKey: Guid(ecddd2fc0fe73314fa13753a9372c1aa) Importer(815301076,1909f56bfc062723c751e8b465ee728b)
Number of updated assets reloaded before import = 0
Start importing Assets/BrokenVector/LowPolyDungeon/Models/Tiles using Guid(ecddd2fc0fe73314fa13753a9372c1aa) Importer(815301076,1909f56bfc062723c751e8b465ee728b)  -> (artifact id: '9bafeb49dc944b959a0f8c4dceff4fb9') in 0.013929 seconds 
Number of asset objects unloaded after import = 0
========================================================================
Received Import Request.
  Time since last request: 0.044099 seconds.
  path: Assets/BrokenVector/LowPolyDungeon/Models/Tiles/Balcony.fbx
  artifactKey: Guid(b5bc1dd11c6f2254390d709ebc8d40b5) Importer(815301076,1909f56bfc062723c751e8b465ee728b)
Number of updated assets reloaded before import = 0
Start importing Assets/BrokenVector/LowPolyDungeon/Models/Tiles/Balcony.fbx using Guid(b5bc1dd11c6f2254390d709ebc8d40b5) Importer(815301076,1909f56bfc062723c751e8b465ee728b)  -> (artifact id: 'c1a460ffffd80c98c62bc7b5eff5612d') in 0.153468 seconds 
Number of asset objects unloaded after import = 10
========================================================================
Received Import Request.
  Time since last request: 0.000017 seconds.
  path: Assets/BrokenVector/LowPolyDungeon/Models/Tiles/Door_Iron_Right.fbx
  artifactKey: Guid(90cb5084ee519bf4a99ae30668e654d0) Importer(815301076,1909f56bfc062723c751e8b465ee728b)
Number of updated assets reloaded before import = 0
Start importing Assets/BrokenVector/LowPolyDungeon/Models/Tiles/Door_Iron_Right.fbx using Guid(90cb5084ee519bf4a99ae30668e654d0) Importer(815301076,1909f56bfc062723c751e8b465ee728b)  -> (artifact id: '95671b17572699403d3f6dc01ff5b9e3') in 0.017259 seconds 
Number of asset objects unloaded after import = 10
========================================================================
Received Import Request.
  Time since last request: 0.000025 seconds.
  path: Assets/BrokenVector/LowPolyDungeon/Models/Tiles/Dungeon_Big_to_Custom.fbx
  artifactKey: Guid(c7961bee1368d7a4aae427cd7cdf26f8) Importer(815301076,1909f56bfc062723c751e8b465ee728b)
Number of updated assets reloaded before import = 0
Start importing Assets/BrokenVector/LowPolyDungeon/Models/Tiles/Dungeon_Big_to_Custom.fbx using Guid(c7961bee1368d7a4aae427cd7cdf26f8) Importer(815301076,1909f56bfc062723c751e8b465ee728b)  -> (artifact id: 'd8da10fcb2e01035a2d0ef7ba454fc53') in 0.016945 seconds 
Number of asset objects unloaded after import = 10
========================================================================
Received Import Request.
  Time since last request: 0.000013 seconds.
  path: Assets/BrokenVector/LowPolyDungeon/Models/Tiles/Dungeon_CornerCrossing.fbx
  artifactKey: Guid(fefc6f1354e4ff64fb855c7ffa942860) Importer(815301076,1909f56bfc062723c751e8b465ee728b)
Number of updated assets reloaded before import = 0
Start importing Assets/BrokenVector/LowPolyDungeon/Models/Tiles/Dungeon_CornerCrossing.fbx using Guid(fefc6f1354e4ff64fb855c7ffa942860) Importer(815301076,1909f56bfc062723c751e8b465ee728b)  -> (artifact id: '9fae297307105534b763a48ff7e0a763') in 0.017710 seconds 
Number of asset objects unloaded after import = 11
========================================================================
Received Import Request.
  Time since last request: 0.000015 seconds.
  path: Assets/BrokenVector/LowPolyDungeon/Models/Tiles/Door_Basement_Right.fbx
  artifactKey: Guid(681220b62dd908f45ada123d56e66448) Importer(815301076,1909f56bfc062723c751e8b465ee728b)
Number of updated assets reloaded before import = 0
Start importing Assets/BrokenVector/LowPolyDungeon/Models/Tiles/Door_Basement_Right.fbx using Guid(681220b62dd908f45ada123d56e66448) Importer(815301076,1909f56bfc062723c751e8b465ee728b)  -> (artifact id: '47ce52cb7d9c048f7d6324fc192d8ca9') in 0.018277 seconds 
Number of asset objects unloaded after import = 11
========================================================================
Received Import Request.
  Time since last request: 0.000017 seconds.
  path: Assets/BrokenVector/LowPolyDungeon/Models/Tiles/Dungeon_Hall_Wall_Stairs_Left.fbx
  artifactKey: Guid(483313b13cd06ee48a860df95d60e72e) Importer(815301076,1909f56bfc062723c751e8b465ee728b)
Number of updated assets reloaded before import = 0
Start importing Assets/BrokenVector/LowPolyDungeon/Models/Tiles/Dungeon_Hall_Wall_Stairs_Left.fbx using Guid(483313b13cd06ee48a860df95d60e72e) Importer(815301076,1909f56bfc062723c751e8b465ee728b)  -> (artifact id: '99e12c4619519da02f92c57cc50f3d15') in 0.020590 seconds 
Number of asset objects unloaded after import = 11
========================================================================
Received Import Request.
  Time since last request: 0.000015 seconds.
  path: Assets/BrokenVector/LowPolyDungeon/Models/Tiles/Portcullis_Metal.fbx
  artifactKey: Guid(dcf471cf5bc58a74db5ba5a1bc163997) Importer(815301076,1909f56bfc062723c751e8b465ee728b)
Number of updated assets reloaded before import = 0
Start importing Assets/BrokenVector/LowPolyDungeon/Models/Tiles/Portcullis_Metal.fbx using Guid(dcf471cf5bc58a74db5ba5a1bc163997) Importer(815301076,1909f56bfc062723c751e8b465ee728b)  -> (artifact id: '1239149cafd6c6513879a5f6d9bf030b') in 0.018337 seconds 
Number of asset objects unloaded after import = 10
========================================================================
Received Import Request.
  Time since last request: 0.000014 seconds.
  path: Assets/BrokenVector/LowPolyDungeon/Models/Tiles/Basement_Var2.fbx
  artifactKey: Guid(b81e318bd6b86a746bb627dcbc0c51b9) Importer(815301076,1909f56bfc062723c751e8b465ee728b)
Number of updated assets reloaded before import = 0
Start importing Assets/BrokenVector/LowPolyDungeon/Models/Tiles/Basement_Var2.fbx using Guid(b81e318bd6b86a746bb627dcbc0c51b9) Importer(815301076,1909f56bfc062723c751e8b465ee728b)  -> (artifact id: '37161e21802eabe28d93939b13c90924') in 0.027450 seconds 
Number of asset objects unloaded after import = 14
========================================================================
Received Import Request.
  Time since last request: 0.000014 seconds.
  path: Assets/BrokenVector/LowPolyDungeon/Models/Tiles/Door_Wooden_Round_Right.fbx
  artifactKey: Guid(d2215445189a960468755ef109efe3c4) Importer(815301076,1909f56bfc062723c751e8b465ee728b)
Number of updated assets reloaded before import = 0
Start importing Assets/BrokenVector/LowPolyDungeon/Models/Tiles/Door_Wooden_Round_Right.fbx using Guid(d2215445189a960468755ef109efe3c4) Importer(815301076,1909f56bfc062723c751e8b465ee728b)  -> (artifact id: 'c2059b014ae5d6ee5fa9aa440d86e3ab') in 0.017006 seconds 
Number of asset objects unloaded after import = 11
========================================================================
Received Import Request.
  Time since last request: 0.000016 seconds.
  path: Assets/BrokenVector/LowPolyDungeon/Models/Tiles/Dungeon_Big_Passage.fbx
  artifactKey: Guid(8313e1aa95a8fb5448a08142aa9ba279) Importer(815301076,1909f56bfc062723c751e8b465ee728b)
Number of updated assets reloaded before import = 0
Start importing Assets/BrokenVector/LowPolyDungeon/Models/Tiles/Dungeon_Big_Passage.fbx using Guid(8313e1aa95a8fb5448a08142aa9ba279) Importer(815301076,1909f56bfc062723c751e8b465ee728b)  -> (artifact id: '483fd02476c634a8d6043dd11ccb4ef9') in 0.067211 seconds 
Number of asset objects unloaded after import = 10
========================================================================
Received Import Request.
  Time since last request: 0.000021 seconds.
  path: Assets/BrokenVector/LowPolyDungeon/Models/Tiles/Dungeon_Custom_Center.fbx
  artifactKey: Guid(b0e19395b15281546a4cb33b391f3349) Importer(815301076,1909f56bfc062723c751e8b465ee728b)
Number of updated assets reloaded before import = 0
Start importing Assets/BrokenVector/LowPolyDungeon/Models/Tiles/Dungeon_Custom_Center.fbx using Guid(b0e19395b15281546a4cb33b391f3349) Importer(815301076,1909f56bfc062723c751e8b465ee728b)  -> (artifact id: 'f33621f9506140d60080dfb5bc1fe190') in 0.018603 seconds 
Number of asset objects unloaded after import = 11
========================================================================
Received Import Request.
  Time since last request: 0.000027 seconds.
  path: Assets/BrokenVector/LowPolyDungeon/Models/Tiles/Dungeon_Custom_Corner_Arched.fbx
  artifactKey: Guid(e4178b2a02913d842aedef2eb60d1985) Importer(815301076,1909f56bfc062723c751e8b465ee728b)
Number of updated assets reloaded before import = 0
Start importing Assets/BrokenVector/LowPolyDungeon/Models/Tiles/Dungeon_Custom_Corner_Arched.fbx using Guid(e4178b2a02913d842aedef2eb60d1985) Importer(815301076,1909f56bfc062723c751e8b465ee728b)  -> (artifact id: '4333ac5599379e34bcb6c3d3a7f77609') in 0.016897 seconds 
Number of asset objects unloaded after import = 11
========================================================================
Received Import Request.
  Time since last request: 0.000014 seconds.
  path: Assets/BrokenVector/LowPolyDungeon/Models/Tiles/Basement_Wall_Var1.fbx
  artifactKey: Guid(07d8ac3c883232446bcd9a3222fbff1f) Importer(815301076,1909f56bfc062723c751e8b465ee728b)
Number of updated assets reloaded before import = 0
Start importing Assets/BrokenVector/LowPolyDungeon/Models/Tiles/Basement_Wall_Var1.fbx using Guid(07d8ac3c883232446bcd9a3222fbff1f) Importer(815301076,1909f56bfc062723c751e8b465ee728b)  -> (artifact id: 'a47d4c608b5384bedfcb898b7303c901') in 0.019097 seconds 
Number of asset objects unloaded after import = 11
========================================================================
Received Import Request.
  Time since last request: 0.000016 seconds.
  path: Assets/BrokenVector/LowPolyDungeon/Models/Tiles/FloorTIle.fbx
  artifactKey: Guid(20f2ea214cfe0d748b1b4b8ad965af69) Importer(815301076,1909f56bfc062723c751e8b465ee728b)
Number of updated assets reloaded before import = 0
Start importing Assets/BrokenVector/LowPolyDungeon/Models/Tiles/FloorTIle.fbx using Guid(20f2ea214cfe0d748b1b4b8ad965af69) Importer(815301076,1909f56bfc062723c751e8b465ee728b)  -> (artifact id: '3ea2200b43d9f590d0358deb0422413f') in 0.018535 seconds 
Number of asset objects unloaded after import = 10
========================================================================
Received Import Request.
  Time since last request: 0.000018 seconds.
  path: Assets/BrokenVector/LowPolyDungeon/Models/Tiles/Stairs_Platform.fbx
  artifactKey: Guid(99e55592c6d88984cb6b00f2455032dc) Importer(815301076,1909f56bfc062723c751e8b465ee728b)
Number of updated assets reloaded before import = 0
Start importing Assets/BrokenVector/LowPolyDungeon/Models/Tiles/Stairs_Platform.fbx using Guid(99e55592c6d88984cb6b00f2455032dc) Importer(815301076,1909f56bfc062723c751e8b465ee728b)  -> (artifact id: '22f662b6503cd4712c946d2d886becfd') in 0.016252 seconds 
Number of asset objects unloaded after import = 11
========================================================================
Received Import Request.
  Time since last request: 0.000019 seconds.
  path: Assets/BrokenVector/LowPolyDungeon/Models/Tiles/Hallway_toStaircase_Bottom.fbx
  artifactKey: Guid(d1cec78074a250041adbcfd9616b1a3f) Importer(815301076,1909f56bfc062723c751e8b465ee728b)
Number of updated assets reloaded before import = 0
Start importing Assets/BrokenVector/LowPolyDungeon/Models/Tiles/Hallway_toStaircase_Bottom.fbx using Guid(d1cec78074a250041adbcfd9616b1a3f) Importer(815301076,1909f56bfc062723c751e8b465ee728b)  -> (artifact id: 'd550ec53307ba30a84450569de9baa45') in 0.019241 seconds 
Number of asset objects unloaded after import = 11
========================================================================
Received Import Request.
  Time since last request: 0.000015 seconds.
  path: Assets/BrokenVector/LowPolyDungeon/Models/Tiles/Jail_Wall_broken.fbx
  artifactKey: Guid(1732262f7f123a84d9af88c10794f07f) Importer(815301076,1909f56bfc062723c751e8b465ee728b)
Number of updated assets reloaded before import = 0
Start importing Assets/BrokenVector/LowPolyDungeon/Models/Tiles/Jail_Wall_broken.fbx using Guid(1732262f7f123a84d9af88c10794f07f) Importer(815301076,1909f56bfc062723c751e8b465ee728b)  -> (artifact id: '45a4502fff44e973eb33417502010f57') in 0.017738 seconds 
Number of asset objects unloaded after import = 10
========================================================================
Received Import Request.
  Time since last request: 0.000021 seconds.
  path: Assets/BrokenVector/LowPolyDungeon/Models/Tiles/Hallway_Curve_Long.fbx
  artifactKey: Guid(110316f0afd06df48ac55aee949522bc) Importer(815301076,1909f56bfc062723c751e8b465ee728b)
Number of updated assets reloaded before import = 0
Start importing Assets/BrokenVector/LowPolyDungeon/Models/Tiles/Hallway_Curve_Long.fbx using Guid(110316f0afd06df48ac55aee949522bc) Importer(815301076,1909f56bfc062723c751e8b465ee728b)  -> (artifact id: 'e8dae275aa8fbd72feca6d723fce9e57') in 0.020561 seconds 
Number of asset objects unloaded after import = 11
========================================================================
Received Import Request.
  Time since last request: 0.000017 seconds.
  path: Assets/BrokenVector/LowPolyDungeon/Models/Tiles/Basement_Wall_Var2.fbx
  artifactKey: Guid(5bfb915843a9ff74d9bea72ce38a0a89) Importer(815301076,1909f56bfc062723c751e8b465ee728b)
Number of updated assets reloaded before import = 0
Start importing Assets/BrokenVector/LowPolyDungeon/Models/Tiles/Basement_Wall_Var2.fbx using Guid(5bfb915843a9ff74d9bea72ce38a0a89) Importer(815301076,1909f56bfc062723c751e8b465ee728b)  -> (artifact id: '45c5693e8572f86a32e5a7c2144a3b7e') in 0.018360 seconds 
Number of asset objects unloaded after import = 12
========================================================================
Received Import Request.
  Time since last request: 0.000020 seconds.
  path: Assets/BrokenVector/LowPolyDungeon/Models/Tiles/Door_Iron_Left.fbx
  artifactKey: Guid(f6660c88e946e3f4a9301950fc6587e0) Importer(815301076,1909f56bfc062723c751e8b465ee728b)
Number of updated assets reloaded before import = 0
Start importing Assets/BrokenVector/LowPolyDungeon/Models/Tiles/Door_Iron_Left.fbx using Guid(f6660c88e946e3f4a9301950fc6587e0) Importer(815301076,1909f56bfc062723c751e8b465ee728b)  -> (artifact id: '6f57a92fe6be789b7159bfe52fc4fa69') in 0.019619 seconds 
Number of asset objects unloaded after import = 10
========================================================================
Received Import Request.
  Time since last request: 0.000021 seconds.
  path: Assets/BrokenVector/LowPolyDungeon/Models/Tiles/Basement_Passage.fbx
  artifactKey: Guid(72e0e81051363734eb06d45e19e39234) Importer(815301076,1909f56bfc062723c751e8b465ee728b)
Number of updated assets reloaded before import = 0
Start importing Assets/BrokenVector/LowPolyDungeon/Models/Tiles/Basement_Passage.fbx using Guid(72e0e81051363734eb06d45e19e39234) Importer(815301076,1909f56bfc062723c751e8b465ee728b)  -> (artifact id: '58e0e4b4629c2474d099f6f8fbab15ea') in 0.017338 seconds 
Number of asset objects unloaded after import = 12
========================================================================
Received Import Request.
  Time since last request: 0.000019 seconds.
  path: Assets/BrokenVector/LowPolyDungeon/Models/Tiles/Dungeon_Wall_Var1.fbx
  artifactKey: Guid(4fe4fc7683c898747998c195978256cc) Importer(815301076,1909f56bfc062723c751e8b465ee728b)
Number of updated assets reloaded before import = 0
Start importing Assets/BrokenVector/LowPolyDungeon/Models/Tiles/Dungeon_Wall_Var1.fbx using Guid(4fe4fc7683c898747998c195978256cc) Importer(815301076,1909f56bfc062723c751e8b465ee728b)  -> (artifact id: '4d5dcbbcd0d4ffb100b9de9fe6951b3a') in 0.042118 seconds 
Number of asset objects unloaded after import = 10
========================================================================
Received Import Request.
  Time since last request: 0.000019 seconds.
  path: Assets/BrokenVector/LowPolyDungeon/Models/Tiles/Jail_Door_Left.fbx
  artifactKey: Guid(c9b3b22dd59f1954ab57f0d413c9ac6d) Importer(815301076,1909f56bfc062723c751e8b465ee728b)
Number of updated assets reloaded before import = 0
Start importing Assets/BrokenVector/LowPolyDungeon/Models/Tiles/Jail_Door_Left.fbx using Guid(c9b3b22dd59f1954ab57f0d413c9ac6d) Importer(815301076,1909f56bfc062723c751e8b465ee728b)  -> (artifact id: 'cc2158f2a3cd4b372ccabbda0f10b874') in 0.016210 seconds 
Number of asset objects unloaded after import = 10
========================================================================
Received Import Request.
  Time since last request: 0.000022 seconds.
  path: Assets/BrokenVector/LowPolyDungeon/Models/Tiles/Stairs_High.fbx
  artifactKey: Guid(bfcfcf03589499346b24e110b74a3822) Importer(815301076,1909f56bfc062723c751e8b465ee728b)
Number of updated assets reloaded before import = 0
Start importing Assets/BrokenVector/LowPolyDungeon/Models/Tiles/Stairs_High.fbx using Guid(bfcfcf03589499346b24e110b74a3822) Importer(815301076,1909f56bfc062723c751e8b465ee728b)  -> (artifact id: '03061390c7a40afd4c9d88dc463996b6') in 0.015203 seconds 
Number of asset objects unloaded after import = 11
========================================================================
Received Import Request.
  Time since last request: 0.000091 seconds.
  path: Assets/BrokenVector/LowPolyDungeon/Models/Tiles/Dungeon_Wall_Var3.fbx
  artifactKey: Guid(b3c8bb8b6364eff4794deec64d2e92f7) Importer(815301076,1909f56bfc062723c751e8b465ee728b)
Number of updated assets reloaded before import = 0
Start importing Assets/BrokenVector/LowPolyDungeon/Models/Tiles/Dungeon_Wall_Var3.fbx using Guid(b3c8bb8b6364eff4794deec64d2e92f7) Importer(815301076,1909f56bfc062723c751e8b465ee728b)  -> (artifact id: '5725098a9869146536e4138d5ece7e00') in 0.016992 seconds 
Number of asset objects unloaded after import = 10
========================================================================
Received Import Request.
  Time since last request: 0.000015 seconds.
  path: Assets/BrokenVector/LowPolyDungeon/Models/Tiles/Basement_Var3.fbx
  artifactKey: Guid(0c7dbb34fba6e4047ac74337acfb235d) Importer(815301076,1909f56bfc062723c751e8b465ee728b)
Number of updated assets reloaded before import = 0
Start importing Assets/BrokenVector/LowPolyDungeon/Models/Tiles/Basement_Var3.fbx using Guid(0c7dbb34fba6e4047ac74337acfb235d) Importer(815301076,1909f56bfc062723c751e8b465ee728b)  -> (artifact id: '156923ea95f49d50bc25579b2f863c11') in 0.019257 seconds 
Number of asset objects unloaded after import = 14
========================================================================
Received Import Request.
  Time since last request: 0.000014 seconds.
  path: Assets/BrokenVector/LowPolyDungeon/Models/Tiles/Dungeon_Hall_Corner_Inverted.fbx
  artifactKey: Guid(652440dd64bfc854c83cb08ebb580eba) Importer(815301076,1909f56bfc062723c751e8b465ee728b)
Number of updated assets reloaded before import = 0
Start importing Assets/BrokenVector/LowPolyDungeon/Models/Tiles/Dungeon_Hall_Corner_Inverted.fbx using Guid(652440dd64bfc854c83cb08ebb580eba) Importer(815301076,1909f56bfc062723c751e8b465ee728b)  -> (artifact id: '5f0335b9f2984513353fa9287656e7a3') in 0.021328 seconds 
Number of asset objects unloaded after import = 11
========================================================================
Received Import Request.
  Time since last request: 0.000024 seconds.
  path: Assets/BrokenVector/LowPolyDungeon/Models/Tiles/Hallway_Quarter.fbx
  artifactKey: Guid(1b81800f0a37d564196769a09fb61d6a) Importer(815301076,1909f56bfc062723c751e8b465ee728b)
Number of updated assets reloaded before import = 0
Start importing Assets/BrokenVector/LowPolyDungeon/Models/Tiles/Hallway_Quarter.fbx using Guid(1b81800f0a37d564196769a09fb61d6a) Importer(815301076,1909f56bfc062723c751e8b465ee728b)  -> (artifact id: '89a08fec50dcad0c6dafba1027255fbd') in 0.046967 seconds 
Number of asset objects unloaded after import = 11
========================================================================
Received Import Request.
  Time since last request: 0.000017 seconds.
  path: Assets/BrokenVector/LowPolyDungeon/Models/Tiles/Basement_Passage_Mix.fbx
  artifactKey: Guid(0d0e4e73b580de04bb4995efc1902369) Importer(815301076,1909f56bfc062723c751e8b465ee728b)
Number of updated assets reloaded before import = 0
Start importing Assets/BrokenVector/LowPolyDungeon/Models/Tiles/Basement_Passage_Mix.fbx using Guid(0d0e4e73b580de04bb4995efc1902369) Importer(815301076,1909f56bfc062723c751e8b465ee728b)  -> (artifact id: '658c231ff72a909502f8fc33dc95c442') in 0.019170 seconds 
Number of asset objects unloaded after import = 12
========================================================================
Received Import Request.
  Time since last request: 0.000024 seconds.
  path: Assets/BrokenVector/LowPolyDungeon/Models/Tiles/Stairs_Low.fbx
  artifactKey: Guid(49fcc1a1bf581d4489a835b31d909c9c) Importer(815301076,1909f56bfc062723c751e8b465ee728b)
Number of updated assets reloaded before import = 0
Start importing Assets/BrokenVector/LowPolyDungeon/Models/Tiles/Stairs_Low.fbx using Guid(49fcc1a1bf581d4489a835b31d909c9c) Importer(815301076,1909f56bfc062723c751e8b465ee728b)  -> (artifact id: '316f85379742b6050973a621b08e00d1') in 0.021099 seconds 
Number of asset objects unloaded after import = 11
========================================================================
Received Import Request.
  Time since last request: 0.000020 seconds.
  path: Assets/BrokenVector/LowPolyDungeon/Models/Tiles/Dungeon_Wall_Window.fbx
  artifactKey: Guid(85215ddb67dce05478420137b344281d) Importer(815301076,1909f56bfc062723c751e8b465ee728b)
Number of updated assets reloaded before import = 0
Start importing Assets/BrokenVector/LowPolyDungeon/Models/Tiles/Dungeon_Wall_Window.fbx using Guid(85215ddb67dce05478420137b344281d) Importer(815301076,1909f56bfc062723c751e8b465ee728b)  -> (artifact id: '5f8922c7cdc863a07122ef58f912cdac') in 0.015621 seconds 
Number of asset objects unloaded after import = 11
========================================================================
Received Import Request.
  Time since last request: 0.000016 seconds.
  path: Assets/BrokenVector/LowPolyDungeon/Models/Tiles/Portcullis_Wood.fbx
  artifactKey: Guid(958cc0f31c08a224f83e3a8d953ee82f) Importer(815301076,1909f56bfc062723c751e8b465ee728b)
Number of updated assets reloaded before import = 0
Start importing Assets/BrokenVector/LowPolyDungeon/Models/Tiles/Portcullis_Wood.fbx using Guid(958cc0f31c08a224f83e3a8d953ee82f) Importer(815301076,1909f56bfc062723c751e8b465ee728b)  -> (artifact id: '862e1b4b0d766b02ce3652bedfc9e3b0') in 0.018427 seconds 
Number of asset objects unloaded after import = 11
========================================================================
Received Import Request.
  Time since last request: 0.000022 seconds.
  path: Assets/BrokenVector/LowPolyDungeon/Models/Tiles/Door_Wooden_Round_Left.fbx
  artifactKey: Guid(c2d7e7ca81bdbf442942799f88018308) Importer(815301076,1909f56bfc062723c751e8b465ee728b)
Number of updated assets reloaded before import = 0
Start importing Assets/BrokenVector/LowPolyDungeon/Models/Tiles/Door_Wooden_Round_Left.fbx using Guid(c2d7e7ca81bdbf442942799f88018308) Importer(815301076,1909f56bfc062723c751e8b465ee728b)  -> (artifact id: '3c9b06c24c5c88694f8c79395a666f6e') in 0.016297 seconds 
Number of asset objects unloaded after import = 11
========================================================================
Received Import Request.
  Time since last request: 0.000032 seconds.
  path: Assets/BrokenVector/LowPolyDungeon/Models/Tiles/DoorGate_Wooden_Left.001.fbx
  artifactKey: Guid(9e2aa677a7fc1ba4d889da45eeedbf5d) Importer(815301076,1909f56bfc062723c751e8b465ee728b)
Number of updated assets reloaded before import = 0
Start importing Assets/BrokenVector/LowPolyDungeon/Models/Tiles/DoorGate_Wooden_Left.001.fbx using Guid(9e2aa677a7fc1ba4d889da45eeedbf5d) Importer(815301076,1909f56bfc062723c751e8b465ee728b)  -> (artifact id: '067a696f57f9043edf56e5dae8adf5a1') in 0.015884 seconds 
Number of asset objects unloaded after import = 11
========================================================================
Received Import Request.
  Time since last request: 0.000031 seconds.
  path: Assets/BrokenVector/LowPolyDungeon/Models/Tiles/Basement_Var1.fbx
  artifactKey: Guid(75953d580a08e7649bf4b767832e157b) Importer(815301076,1909f56bfc062723c751e8b465ee728b)
Number of updated assets reloaded before import = 0
Start importing Assets/BrokenVector/LowPolyDungeon/Models/Tiles/Basement_Var1.fbx using Guid(75953d580a08e7649bf4b767832e157b) Importer(815301076,1909f56bfc062723c751e8b465ee728b)  -> (artifact id: 'c5c98b648b629953e8d9c6fd822e0980') in 0.017233 seconds 
Number of asset objects unloaded after import = 15
========================================================================
Received Prepare
Registering precompiled user dll's ...
Registered in 0.003920 seconds.
Begin MonoManager ReloadAssembly
Native extension for WindowsStandalone target not found
Refreshing native plugins compatible for Editor in 0.54 ms, found 3 plugins.
Preloading 0 native plugins for Editor in 0.00 ms.
[Package Manager] Server::EnsureServerProcessIsRunning -- launch failed, reason: Unity was launched with the -noUpm command-line argument
[Package Manager] Cannot connect to Unity Package Manager local server
Mono: successfully reloaded assembly
- Completed reload, in  1.312 seconds
Domain Reload Profiling:
	ReloadAssembly (1313ms)
		BeginReloadAssembly (150ms)
			ExecutionOrderSort (0ms)
			DisableScriptedObjects (5ms)
			BackupInstance (0ms)
			ReleaseScriptingObjects (0ms)
			CreateAndSetChildDomain (32ms)
		EndReloadAssembly (1063ms)
			LoadAssemblies (105ms)
			RebuildTransferFunctionScriptingTraits (0ms)
			SetupTypeCache (279ms)
			ReleaseScriptCaches (1ms)
			RebuildScriptCaches (35ms)
			SetupLoadedEditorAssemblies (650ms)
				LogAssemblyErrors (0ms)
				InitializePlatformSupportModulesInManaged (4ms)
				SetLoadedEditorAssemblies (0ms)
				RefreshPlugins (1ms)
				BeforeProcessingInitializeOnLoad (60ms)
				ProcessInitializeOnLoadAttributes (562ms)
				ProcessInitializeOnLoadMethodAttributes (20ms)
				AfterProcessingInitializeOnLoad (3ms)
				EditorAssembliesLoaded (0ms)
			ExecutionOrderSort2 (0ms)
			AwakeInstancesAfterBackupRestoration (7ms)
Platform modules already initialized, skipping
Refreshing native plugins compatible for Editor in 1.19 ms, found 3 plugins.
Preloading 0 native plugins for Editor in 0.00 ms.
Unloading 3059 Unused Serialized files (Serialized files now loaded: 0)
Unloading 20 unused Assets / (22.1 KB). Loaded Objects now: 3579.
Memory consumption went from 129.8 MB to 129.8 MB.
Total: 3.794100 ms (FindLiveObjects: 0.473800 ms CreateObjectMapping: 0.098900 ms MarkObjects: 3.180000 ms  DeleteObjects: 0.039800 ms)

AssetImportParameters requested are different than current active one (requested -> active):
  custom:video-decoder-ogg-theora: a1e56fd34408186e4bbccfd4996cb3dc -> 
  custom:container-muxer-webm: aa71ff27fc2769a1b78a27578f13a17b -> 
  custom:container-demuxer-webm: 4f35f7cbe854078d1ac9338744f61a02 -> 
  custom:video-encoder-webm-vp8: eb34c28f22e8b96e1ab97ce403110664 -> 
  custom:CustomObjectIndexerAttribute: bc11b3a6c3213fcdd17b65e7da85e133 -> 
  custom:audio-encoder-webm-vorbis: bf7c407c2cedff20999df2af8eb42d56 -> 
  custom:framework-win-MediaFoundation: 216162199b28c13a410421893ffa2e32 -> 
  custom:SearchIndexIgnoredProperties: e643bd26f0fe6173181afceb89e7c659 -> 
  custom:container-demuxer-ogg: 62fdf1f143b41e24485cea50d1cbac27 -> 
  custom:video-decoder-webm-vp8: 9c59270c3fd7afecdb556c50c9e8de78 -> 
  custom:audio-decoder-ogg-vorbis: bf7c407c2cedff20999df2af8eb42d56 -> 
========================================================================
Received Import Request.
  Time since last request: 34.465092 seconds.
  path: Assets/polyperfect/Poly Halloween/- Textures/Universal
  artifactKey: Guid(d4e9f52cb167df647b7e8ec3b7dc0b0c) Importer(815301076,1909f56bfc062723c751e8b465ee728b)
Number of updated assets reloaded before import = 0
Start importing Assets/polyperfect/Poly Halloween/- Textures/Universal using Guid(d4e9f52cb167df647b7e8ec3b7dc0b0c) Importer(815301076,1909f56bfc062723c751e8b465ee728b)  -> (artifact id: '8b8f4548c46d3035a7d13b77972ab5dd') in 0.014347 seconds 
Number of asset objects unloaded after import = 0
========================================================================
Received Import Request.
  Time since last request: 2.900440 seconds.
  path: Assets/polyperfect/Poly Halloween/Poly Halloween - README.pdf
  artifactKey: Guid(4844914e7271f2346ada94df4679591c) Importer(815301076,1909f56bfc062723c751e8b465ee728b)
Number of updated assets reloaded before import = 0
Start importing Assets/polyperfect/Poly Halloween/Poly Halloween - README.pdf using Guid(4844914e7271f2346ada94df4679591c) Importer(815301076,1909f56bfc062723c751e8b465ee728b)  -> (artifact id: '740e4387d822bff1a166385f829347f2') in 0.016885 seconds 
Number of asset objects unloaded after import = 1
========================================================================
Received Import Request.
  Time since last request: 1154.907218 seconds.
  path: Assets/New Terrain.asset
  artifactKey: Guid(f329935e12578904eb0e10b1d32d438c) Importer(815301076,1909f56bfc062723c751e8b465ee728b)
Number of updated assets reloaded before import = 0
Start importing Assets/New Terrain.asset using Guid(f329935e12578904eb0e10b1d32d438c) Importer(815301076,1909f56bfc062723c751e8b465ee728b)  -> (artifact id: '82dcad4981e21e4809bbbe4b5caf671e') in 0.057717 seconds 
Number of asset objects unloaded after import = 3
