Using pre-set license
Built from '2021.3/staging' branch; Version is '2021.3.31f1 (3409e2af086f) revision 3410402'; Using compiler version '192829333'; Build Type 'Release'
OS: 'Windows 10  (10.0.19045) 64bit Core' Language: 'en' Physical Memory: 16334 MB
BatchMode: 1, IsHumanControllingUs: 0, StartBugReporterOnCrash: 0, Is64bit: 1, IsPro: 1

COMMAND LINE ARGUMENTS:
H:\unity hub\2021.3.31f1\Editor\Unity.exe
-adb2
-batchMode
-noUpm
-name
AssetImportWorker7
-projectPath
H:/Facultate/Anul III/Proiect IMR/Proiect-IMR/GhostlyHunt
-logFile
Logs/AssetImportWorker7.log
-srvPort
61523
Successfully changed project path to: H:/Facultate/Anul III/Proiect IMR/Proiect-IMR/GhostlyHunt
H:/Facultate/Anul III/Proiect IMR/Proiect-IMR/GhostlyHunt
[UnityMemory] Configuration Parameters - Can be set up in boot.config
    "memorysetup-bucket-allocator-granularity=16"
    "memorysetup-bucket-allocator-bucket-count=8"
    "memorysetup-bucket-allocator-block-size=33554432"
    "memorysetup-bucket-allocator-block-count=8"
    "memorysetup-main-allocator-block-size=16777216"
    "memorysetup-thread-allocator-block-size=16777216"
    "memorysetup-gfx-main-allocator-block-size=16777216"
    "memorysetup-gfx-thread-allocator-block-size=16777216"
    "memorysetup-cache-allocator-block-size=4194304"
    "memorysetup-typetree-allocator-block-size=2097152"
    "memorysetup-profiler-bucket-allocator-granularity=16"
    "memorysetup-profiler-bucket-allocator-bucket-count=8"
    "memorysetup-profiler-bucket-allocator-block-size=33554432"
    "memorysetup-profiler-bucket-allocator-block-count=8"
    "memorysetup-profiler-allocator-block-size=16777216"
    "memorysetup-profiler-editor-allocator-block-size=1048576"
    "memorysetup-temp-allocator-size-main=16777216"
    "memorysetup-job-temp-allocator-block-size=2097152"
    "memorysetup-job-temp-allocator-block-size-background=1048576"
    "memorysetup-job-temp-allocator-reduction-small-platforms=262144"
    "memorysetup-temp-allocator-size-background-worker=32768"
    "memorysetup-temp-allocator-size-job-worker=262144"
    "memorysetup-temp-allocator-size-preload-manager=33554432"
    "memorysetup-temp-allocator-size-nav-mesh-worker=65536"
    "memorysetup-temp-allocator-size-audio-worker=65536"
    "memorysetup-temp-allocator-size-cloud-worker=32768"
    "memorysetup-temp-allocator-size-gi-baking-worker=262144"
    "memorysetup-temp-allocator-size-gfx=262144"
Player connection [13772] Host "[IP] 192.168.0.157 [Port] 0 [Flags] 2 [Guid] 809117675 [EditorId] 809117675 [Version] 1048832 [Id] WindowsEditor(7,DESKTOP-A7I5T81) [Debug] 1 [PackageName] WindowsEditor [ProjectName] Editor" joined multi-casting on [225.0.0.222:54997]...

Player connection [13772] Host "[IP] 192.168.0.157 [Port] 0 [Flags] 2 [Guid] 809117675 [EditorId] 809117675 [Version] 1048832 [Id] WindowsEditor(7,DESKTOP-A7I5T81) [Debug] 1 [PackageName] WindowsEditor [ProjectName] Editor" joined alternative multi-casting on [225.0.0.222:34997]...

[Physics::Module] Initialized MultithreadedJobDispatcher with {0} workers.
Refreshing native plugins compatible for Editor in 84.91 ms, found 3 plugins.
Preloading 0 native plugins for Editor in 0.00 ms.
Initialize engine version: 2021.3.31f1 (3409e2af086f)
[Subsystems] Discovering subsystems at path H:/unity hub/2021.3.31f1/Editor/Data/Resources/UnitySubsystems
[Subsystems] Discovering subsystems at path H:/Facultate/Anul III/Proiect IMR/Proiect-IMR/GhostlyHunt/Assets
GfxDevice: creating device client; threaded=0; jobified=0
Direct3D:
    Version:  Direct3D 11.0 [level 11.1]
    Renderer: NVIDIA GeForce GTX 1060 6GB (ID=0x1c03)
    Vendor:   NVIDIA
    VRAM:     6043 MB
    Driver:   31.0.15.3623
Initialize mono
Mono path[0] = 'H:/unity hub/2021.3.31f1/Editor/Data/Managed'
Mono path[1] = 'H:/unity hub/2021.3.31f1/Editor/Data/MonoBleedingEdge/lib/mono/unityjit-win32'
Mono config path = 'H:/unity hub/2021.3.31f1/Editor/Data/MonoBleedingEdge/etc'
Using monoOptions --debugger-agent=transport=dt_socket,embedding=1,server=y,suspend=n,address=127.0.0.1:56976
Begin MonoManager ReloadAssembly
Registering precompiled unity dll's ...
Register platform support module: H:/unity hub/2021.3.31f1/Editor/Data/PlaybackEngines/WindowsStandaloneSupport/UnityEditor.WindowsStandalone.Extensions.dll
Registered in 0.002387 seconds.
Native extension for WindowsStandalone target not found
Refreshing native plugins compatible for Editor in 78.29 ms, found 3 plugins.
Preloading 0 native plugins for Editor in 0.00 ms.
Mono: successfully reloaded assembly
- Completed reload, in  0.588 seconds
Domain Reload Profiling:
	ReloadAssembly (588ms)
		BeginReloadAssembly (82ms)
			ExecutionOrderSort (0ms)
			DisableScriptedObjects (0ms)
			BackupInstance (0ms)
			ReleaseScriptingObjects (0ms)
			CreateAndSetChildDomain (1ms)
		EndReloadAssembly (426ms)
			LoadAssemblies (81ms)
			RebuildTransferFunctionScriptingTraits (0ms)
			SetupTypeCache (95ms)
			ReleaseScriptCaches (0ms)
			RebuildScriptCaches (24ms)
			SetupLoadedEditorAssemblies (273ms)
				LogAssemblyErrors (0ms)
				InitializePlatformSupportModulesInManaged (6ms)
				SetLoadedEditorAssemblies (0ms)
				RefreshPlugins (78ms)
				BeforeProcessingInitializeOnLoad (1ms)
				ProcessInitializeOnLoadAttributes (142ms)
				ProcessInitializeOnLoadMethodAttributes (46ms)
				AfterProcessingInitializeOnLoad (0ms)
				EditorAssembliesLoaded (0ms)
			ExecutionOrderSort2 (0ms)
			AwakeInstancesAfterBackupRestoration (0ms)
Platform modules already initialized, skipping
Registering precompiled user dll's ...
Registered in 0.004312 seconds.
Begin MonoManager ReloadAssembly
Native extension for WindowsStandalone target not found
Refreshing native plugins compatible for Editor in 0.66 ms, found 3 plugins.
Preloading 0 native plugins for Editor in 0.00 ms.
Package Manager log level set to [2]
[Package Manager] Server::EnsureServerProcessIsRunning -- launch failed, reason: Unity was launched with the -noUpm command-line argument
[Package Manager] Cannot connect to Unity Package Manager local server
Mono: successfully reloaded assembly
- Completed reload, in  1.480 seconds
Domain Reload Profiling:
	ReloadAssembly (1481ms)
		BeginReloadAssembly (120ms)
			ExecutionOrderSort (0ms)
			DisableScriptedObjects (6ms)
			BackupInstance (0ms)
			ReleaseScriptingObjects (0ms)
			CreateAndSetChildDomain (18ms)
		EndReloadAssembly (1264ms)
			LoadAssemblies (267ms)
			RebuildTransferFunctionScriptingTraits (0ms)
			SetupTypeCache (264ms)
			ReleaseScriptCaches (1ms)
			RebuildScriptCaches (47ms)
			SetupLoadedEditorAssemblies (677ms)
				LogAssemblyErrors (0ms)
				InitializePlatformSupportModulesInManaged (4ms)
				SetLoadedEditorAssemblies (0ms)
				RefreshPlugins (1ms)
				BeforeProcessingInitializeOnLoad (67ms)
				ProcessInitializeOnLoadAttributes (582ms)
				ProcessInitializeOnLoadMethodAttributes (20ms)
				AfterProcessingInitializeOnLoad (3ms)
				EditorAssembliesLoaded (0ms)
			ExecutionOrderSort2 (0ms)
			AwakeInstancesAfterBackupRestoration (6ms)
Platform modules already initialized, skipping
========================================================================
Worker process is ready to serve import requests
Launched and connected shader compiler UnityShaderCompiler.exe after 0.07 seconds
Refreshing native plugins compatible for Editor in 0.82 ms, found 3 plugins.
Preloading 0 native plugins for Editor in 0.00 ms.
Unloading 3068 Unused Serialized files (Serialized files now loaded: 0)
Unloading 23 unused Assets / (46.6 KB). Loaded Objects now: 3550.
Memory consumption went from 125.2 MB to 125.2 MB.
Total: 3.390900 ms (FindLiveObjects: 0.483100 ms CreateObjectMapping: 0.108800 ms MarkObjects: 2.699000 ms  DeleteObjects: 0.098600 ms)

AssetImportParameters requested are different than current active one (requested -> active):
  custom:video-decoder-ogg-theora: a1e56fd34408186e4bbccfd4996cb3dc -> 
  custom:container-muxer-webm: aa71ff27fc2769a1b78a27578f13a17b -> 
  custom:container-demuxer-webm: 4f35f7cbe854078d1ac9338744f61a02 -> 
  custom:video-encoder-webm-vp8: eb34c28f22e8b96e1ab97ce403110664 -> 
  custom:CustomObjectIndexerAttribute: bc11b3a6c3213fcdd17b65e7da85e133 -> 
  custom:audio-encoder-webm-vorbis: bf7c407c2cedff20999df2af8eb42d56 -> 
  custom:framework-win-MediaFoundation: 216162199b28c13a410421893ffa2e32 -> 
  custom:SearchIndexIgnoredProperties: e643bd26f0fe6173181afceb89e7c659 -> 
  custom:container-demuxer-ogg: 62fdf1f143b41e24485cea50d1cbac27 -> 
  custom:video-decoder-webm-vp8: 9c59270c3fd7afecdb556c50c9e8de78 -> 
  custom:audio-decoder-ogg-vorbis: bf7c407c2cedff20999df2af8eb42d56 -> 
========================================================================
Received Import Request.
  Time since last request: 25899.847132 seconds.
  path: Assets/cemetery halloween set/Prefab_mobile/fence_pillar_02.prefab
  artifactKey: Guid(3844633e2e6ce974085f08dc008e90a7) Importer(815301076,1909f56bfc062723c751e8b465ee728b)
Number of updated assets reloaded before import = 0
Start importing Assets/cemetery halloween set/Prefab_mobile/fence_pillar_02.prefab using Guid(3844633e2e6ce974085f08dc008e90a7) Importer(815301076,1909f56bfc062723c751e8b465ee728b)  -> (artifact id: '58199838853e4bb72632d4a42e8b3946') in 0.240869 seconds 
Number of asset objects unloaded after import = 10
========================================================================
Received Import Request.
  Time since last request: 0.000023 seconds.
  path: Assets/cemetery halloween set/Prefab_mobile/mobile_rock_13.prefab
  artifactKey: Guid(78c298906118d0a438c60c993a8acf89) Importer(815301076,1909f56bfc062723c751e8b465ee728b)
Number of updated assets reloaded before import = 0
Start importing Assets/cemetery halloween set/Prefab_mobile/mobile_rock_13.prefab using Guid(78c298906118d0a438c60c993a8acf89) Importer(815301076,1909f56bfc062723c751e8b465ee728b)  -> (artifact id: '4f001da23aa88b3a08446d9306455285') in 0.037456 seconds 
Number of asset objects unloaded after import = 10
========================================================================
Received Import Request.
  Time since last request: 0.000037 seconds.
  path: Assets/cemetery halloween set/Prefab_mobile/mobile_bush_02.prefab
  artifactKey: Guid(a79d62f8aeb96404d940c6dd804f190c) Importer(815301076,1909f56bfc062723c751e8b465ee728b)
Number of updated assets reloaded before import = 0
Start importing Assets/cemetery halloween set/Prefab_mobile/mobile_bush_02.prefab using Guid(a79d62f8aeb96404d940c6dd804f190c) Importer(815301076,1909f56bfc062723c751e8b465ee728b)  -> (artifact id: '4ecc3937e84d02d7a4f0d9c3e24e16fa') in 0.028233 seconds 
Number of asset objects unloaded after import = 10
========================================================================
Received Import Request.
  Time since last request: 0.000023 seconds.
  path: Assets/cemetery halloween set/Prefab_mobile/mobile_lava_dead_tree_03.prefab
  artifactKey: Guid(a95df487d3499b644a1e9571f055f92b) Importer(815301076,1909f56bfc062723c751e8b465ee728b)
Number of updated assets reloaded before import = 0
Start importing Assets/cemetery halloween set/Prefab_mobile/mobile_lava_dead_tree_03.prefab using Guid(a95df487d3499b644a1e9571f055f92b) Importer(815301076,1909f56bfc062723c751e8b465ee728b)  -> (artifact id: '5b239b9450a8ed1eb11ccb94bade7c22') in 0.055862 seconds 
Number of asset objects unloaded after import = 18
========================================================================
Received Import Request.
  Time since last request: 0.000023 seconds.
  path: Assets/cemetery halloween set/Prefab_mobile/mobile_pumpkin_05.prefab
  artifactKey: Guid(3e095df96b0ce844eb36f6e1daff0764) Importer(815301076,1909f56bfc062723c751e8b465ee728b)
Number of updated assets reloaded before import = 0
Start importing Assets/cemetery halloween set/Prefab_mobile/mobile_pumpkin_05.prefab using Guid(3e095df96b0ce844eb36f6e1daff0764) Importer(815301076,1909f56bfc062723c751e8b465ee728b)  -> (artifact id: 'b1b9c810d99c118dec38f21505a9c203') in 0.031130 seconds 
Number of asset objects unloaded after import = 16
========================================================================
Received Import Request.
  Time since last request: 0.000022 seconds.
  path: Assets/cemetery halloween set/Prefab_mobile/fence_tile_04.prefab
  artifactKey: Guid(5cea5509bde1805459b97d4a7857aaae) Importer(815301076,1909f56bfc062723c751e8b465ee728b)
Number of updated assets reloaded before import = 0
Start importing Assets/cemetery halloween set/Prefab_mobile/fence_tile_04.prefab using Guid(5cea5509bde1805459b97d4a7857aaae) Importer(815301076,1909f56bfc062723c751e8b465ee728b)  -> (artifact id: 'b381424f92c6b4c783ee7bb8fda094d5') in 0.028773 seconds 
Number of asset objects unloaded after import = 10
========================================================================
Received Import Request.
  Time since last request: 0.000023 seconds.
  path: Assets/cemetery halloween set/Prefab_mobile/mobile_gravestone_03.prefab
  artifactKey: Guid(9e9d1287873c3c940a4598792f058c4c) Importer(815301076,1909f56bfc062723c751e8b465ee728b)
Number of updated assets reloaded before import = 0
Start importing Assets/cemetery halloween set/Prefab_mobile/mobile_gravestone_03.prefab using Guid(9e9d1287873c3c940a4598792f058c4c) Importer(815301076,1909f56bfc062723c751e8b465ee728b)  -> (artifact id: '8ec85efb06ac702e22f1fc70857bc803') in 0.027162 seconds 
Number of asset objects unloaded after import = 10
========================================================================
Received Import Request.
  Time since last request: 0.000017 seconds.
  path: Assets/cemetery halloween set/Prefab_mobile/gate_02.prefab
  artifactKey: Guid(46e9fb9271c7bc44fbdfa65c78027571) Importer(815301076,1909f56bfc062723c751e8b465ee728b)
Number of updated assets reloaded before import = 0
Start importing Assets/cemetery halloween set/Prefab_mobile/gate_02.prefab using Guid(46e9fb9271c7bc44fbdfa65c78027571) Importer(815301076,1909f56bfc062723c751e8b465ee728b)  -> (artifact id: '6b3e609917cb60cad06a0a5f070243d8') in 0.027553 seconds 
Number of asset objects unloaded after import = 10
========================================================================
Received Import Request.
  Time since last request: 0.000026 seconds.
  path: Assets/cemetery halloween set/Prefab_mobile/mobile_skull_05.prefab
  artifactKey: Guid(5f53b4e330d232643aae1c3acd464283) Importer(815301076,1909f56bfc062723c751e8b465ee728b)
Number of updated assets reloaded before import = 0
Start importing Assets/cemetery halloween set/Prefab_mobile/mobile_skull_05.prefab using Guid(5f53b4e330d232643aae1c3acd464283) Importer(815301076,1909f56bfc062723c751e8b465ee728b)  -> (artifact id: 'dfbc360e1ace37c9718c2d08d8362906') in 0.032917 seconds 
Number of asset objects unloaded after import = 10
========================================================================
Received Import Request.
  Time since last request: 0.000024 seconds.
  path: Assets/cemetery halloween set/Prefab_mobile/mobile_hang_pumpkin_04.prefab
  artifactKey: Guid(f277c56b5c09a6d4bb0ca3949477bae3) Importer(815301076,1909f56bfc062723c751e8b465ee728b)
Number of updated assets reloaded before import = 0
Start importing Assets/cemetery halloween set/Prefab_mobile/mobile_hang_pumpkin_04.prefab using Guid(f277c56b5c09a6d4bb0ca3949477bae3) Importer(815301076,1909f56bfc062723c751e8b465ee728b)  -> (artifact id: '18953ff9e910f82af0e6394cda3aa722') in 0.029352 seconds 
Number of asset objects unloaded after import = 10
========================================================================
Received Import Request.
  Time since last request: 0.000015 seconds.
  path: Assets/cemetery halloween set/Prefab_mobile/mobile_rock_10.prefab
  artifactKey: Guid(042986cebc0860848a49b95d417bc331) Importer(815301076,1909f56bfc062723c751e8b465ee728b)
Number of updated assets reloaded before import = 0
Start importing Assets/cemetery halloween set/Prefab_mobile/mobile_rock_10.prefab using Guid(042986cebc0860848a49b95d417bc331) Importer(815301076,1909f56bfc062723c751e8b465ee728b)  -> (artifact id: '42136a33fcadc1d1ec2a8b4e4372384e') in 0.030592 seconds 
Number of asset objects unloaded after import = 10
========================================================================
Received Import Request.
  Time since last request: 0.000022 seconds.
  path: Assets/cemetery halloween set/Prefab_mobile/mobile_hang_pumpkin_01.prefab
  artifactKey: Guid(a5bf6d625adc50048825d29a1aa4fa94) Importer(815301076,1909f56bfc062723c751e8b465ee728b)
Number of updated assets reloaded before import = 0
Start importing Assets/cemetery halloween set/Prefab_mobile/mobile_hang_pumpkin_01.prefab using Guid(a5bf6d625adc50048825d29a1aa4fa94) Importer(815301076,1909f56bfc062723c751e8b465ee728b)  -> (artifact id: '5e70e6aa8ff740d26a63e275ba36b28c') in 0.029284 seconds 
Number of asset objects unloaded after import = 18
========================================================================
Received Import Request.
  Time since last request: 0.000022 seconds.
  path: Assets/cemetery halloween set/Prefab_mobile/fence_tile_01.prefab
  artifactKey: Guid(06aeb7e39519e2e4c92d3c1ed2d4a011) Importer(815301076,1909f56bfc062723c751e8b465ee728b)
Number of updated assets reloaded before import = 0
Start importing Assets/cemetery halloween set/Prefab_mobile/fence_tile_01.prefab using Guid(06aeb7e39519e2e4c92d3c1ed2d4a011) Importer(815301076,1909f56bfc062723c751e8b465ee728b)  -> (artifact id: 'b6e214ee749cfd901f10d63323f73273') in 0.027643 seconds 
Number of asset objects unloaded after import = 10
========================================================================
Received Import Request.
  Time since last request: 0.000023 seconds.
  path: Assets/cemetery halloween set/Prefab_mobile/mobile_skull_08.prefab
  artifactKey: Guid(b46a4e02162cad641a26a12b751b12a1) Importer(815301076,1909f56bfc062723c751e8b465ee728b)
Number of updated assets reloaded before import = 0
Start importing Assets/cemetery halloween set/Prefab_mobile/mobile_skull_08.prefab using Guid(b46a4e02162cad641a26a12b751b12a1) Importer(815301076,1909f56bfc062723c751e8b465ee728b)  -> (artifact id: 'f24bef77a4bf23b8c430f6dec16e1150') in 0.028944 seconds 
Number of asset objects unloaded after import = 10
========================================================================
Received Import Request.
  Time since last request: 0.000030 seconds.
  path: Assets/cemetery halloween set/Prefab_mobile/mobile_gravestone_02.prefab
  artifactKey: Guid(841bec98178bd664f93ab096859d2d64) Importer(815301076,1909f56bfc062723c751e8b465ee728b)
Number of updated assets reloaded before import = 0
Start importing Assets/cemetery halloween set/Prefab_mobile/mobile_gravestone_02.prefab using Guid(841bec98178bd664f93ab096859d2d64) Importer(815301076,1909f56bfc062723c751e8b465ee728b)  -> (artifact id: 'd85aacb2458b6c0d31a32ddb0be9b0ff') in 0.029158 seconds 
Number of asset objects unloaded after import = 10
========================================================================
Received Import Request.
  Time since last request: 0.000023 seconds.
  path: Assets/cemetery halloween set/Prefab_mobile/mobile_dead_tree_02.prefab
  artifactKey: Guid(8ed0dac8bc1ff2a42817e12be50c6939) Importer(815301076,1909f56bfc062723c751e8b465ee728b)
Number of updated assets reloaded before import = 0
Start importing Assets/cemetery halloween set/Prefab_mobile/mobile_dead_tree_02.prefab using Guid(8ed0dac8bc1ff2a42817e12be50c6939) Importer(815301076,1909f56bfc062723c751e8b465ee728b)  -> (artifact id: 'ec2c6f561d751603fbfe60600a30bf90') in 0.044633 seconds 
Number of asset objects unloaded after import = 18
========================================================================
Received Import Request.
  Time since last request: 0.000027 seconds.
  path: Assets/cemetery halloween set/Prefab_mobile/mobile_pumpkin_11.prefab
  artifactKey: Guid(bbe6bb10f105a5e45a1419591e310972) Importer(815301076,1909f56bfc062723c751e8b465ee728b)
Number of updated assets reloaded before import = 0
Start importing Assets/cemetery halloween set/Prefab_mobile/mobile_pumpkin_11.prefab using Guid(bbe6bb10f105a5e45a1419591e310972) Importer(815301076,1909f56bfc062723c751e8b465ee728b)  -> (artifact id: 'd930101b0e676a877870683fea9b01b2') in 0.029341 seconds 
Number of asset objects unloaded after import = 16
========================================================================
Received Import Request.
  Time since last request: 0.000021 seconds.
  path: Assets/cemetery halloween set/Prefab_mobile/mobile_rock_01.prefab
  artifactKey: Guid(5ad48cb888c70244fa7f061de398fbc4) Importer(815301076,1909f56bfc062723c751e8b465ee728b)
Number of updated assets reloaded before import = 0
Start importing Assets/cemetery halloween set/Prefab_mobile/mobile_rock_01.prefab using Guid(5ad48cb888c70244fa7f061de398fbc4) Importer(815301076,1909f56bfc062723c751e8b465ee728b)  -> (artifact id: 'a1833dee1a8c593e6e5e36e4fc66a078') in 0.027518 seconds 
Number of asset objects unloaded after import = 10
========================================================================
Received Import Request.
  Time since last request: 0.000046 seconds.
  path: Assets/cemetery halloween set/Prefab_mobile/fence_tile_02.prefab
  artifactKey: Guid(beacccdb742459a47a9a0f2a10892f87) Importer(815301076,1909f56bfc062723c751e8b465ee728b)
Number of updated assets reloaded before import = 0
Start importing Assets/cemetery halloween set/Prefab_mobile/fence_tile_02.prefab using Guid(beacccdb742459a47a9a0f2a10892f87) Importer(815301076,1909f56bfc062723c751e8b465ee728b)  -> (artifact id: '248aafcce2ce0b13eace770865e6fe9d') in 0.026326 seconds 
Number of asset objects unloaded after import = 10
========================================================================
Received Import Request.
  Time since last request: 0.000015 seconds.
  path: Assets/cemetery halloween set/Prefab_mobile/mobile_gravestone_07.prefab
  artifactKey: Guid(2832f6ea6d115e640a7b83f2b97eb0d0) Importer(815301076,1909f56bfc062723c751e8b465ee728b)
Number of updated assets reloaded before import = 0
Start importing Assets/cemetery halloween set/Prefab_mobile/mobile_gravestone_07.prefab using Guid(2832f6ea6d115e640a7b83f2b97eb0d0) Importer(815301076,1909f56bfc062723c751e8b465ee728b)  -> (artifact id: '2e895f5fa56bb91d44cf6495379c133e') in 0.030456 seconds 
Number of asset objects unloaded after import = 10
========================================================================
Received Import Request.
  Time since last request: 0.000025 seconds.
  path: Assets/cemetery halloween set/Prefab_mobile/mobile_rock_02.prefab
  artifactKey: Guid(e1102108be00d934dbf5da6be787ec37) Importer(815301076,1909f56bfc062723c751e8b465ee728b)
Number of updated assets reloaded before import = 0
Start importing Assets/cemetery halloween set/Prefab_mobile/mobile_rock_02.prefab using Guid(e1102108be00d934dbf5da6be787ec37) Importer(815301076,1909f56bfc062723c751e8b465ee728b)  -> (artifact id: 'db1376619a9ad939779bb8e02c929424') in 0.028408 seconds 
Number of asset objects unloaded after import = 10
========================================================================
Received Import Request.
  Time since last request: 0.000022 seconds.
  path: Assets/cemetery halloween set/Prefab_mobile/mobile_rock_03.prefab
  artifactKey: Guid(7d253fcaea3215044a13b7b91c113421) Importer(815301076,1909f56bfc062723c751e8b465ee728b)
Number of updated assets reloaded before import = 0
Start importing Assets/cemetery halloween set/Prefab_mobile/mobile_rock_03.prefab using Guid(7d253fcaea3215044a13b7b91c113421) Importer(815301076,1909f56bfc062723c751e8b465ee728b)  -> (artifact id: '62095f53e7e5ef042063fea4adb78c8f') in 0.028841 seconds 
Number of asset objects unloaded after import = 10
========================================================================
Received Import Request.
  Time since last request: 0.000017 seconds.
  path: Assets/cemetery halloween set/Prefab_mobile/mobile_bush_03.prefab
  artifactKey: Guid(855a67a22b5e3c64bb7bc6ba64263f37) Importer(815301076,1909f56bfc062723c751e8b465ee728b)
Number of updated assets reloaded before import = 0
Start importing Assets/cemetery halloween set/Prefab_mobile/mobile_bush_03.prefab using Guid(855a67a22b5e3c64bb7bc6ba64263f37) Importer(815301076,1909f56bfc062723c751e8b465ee728b)  -> (artifact id: '4e78eff1d13078e8b170d3f7902fe43e') in 0.029250 seconds 
Number of asset objects unloaded after import = 10
========================================================================
Received Import Request.
  Time since last request: 0.000023 seconds.
  path: Assets/cemetery halloween set/Prefab_mobile/fence_tile_03.prefab
  artifactKey: Guid(b7efced809eecb647824f360edb01784) Importer(815301076,1909f56bfc062723c751e8b465ee728b)
Number of updated assets reloaded before import = 0
Start importing Assets/cemetery halloween set/Prefab_mobile/fence_tile_03.prefab using Guid(b7efced809eecb647824f360edb01784) Importer(815301076,1909f56bfc062723c751e8b465ee728b)  -> (artifact id: '4992567349f14978cdc4f8d62770b6fb') in 0.027765 seconds 
Number of asset objects unloaded after import = 10
========================================================================
Received Import Request.
  Time since last request: 0.000029 seconds.
  path: Assets/cemetery halloween set/Prefab_mobile/mobile_lava_dead_tree_05.prefab
  artifactKey: Guid(8cf9151acef622348b6bbfeb6cf00296) Importer(815301076,1909f56bfc062723c751e8b465ee728b)
Number of updated assets reloaded before import = 0
Start importing Assets/cemetery halloween set/Prefab_mobile/mobile_lava_dead_tree_05.prefab using Guid(8cf9151acef622348b6bbfeb6cf00296) Importer(815301076,1909f56bfc062723c751e8b465ee728b)  -> (artifact id: '75ee48aaa5894296266046620ae02998') in 0.030199 seconds 
Number of asset objects unloaded after import = 18
========================================================================
Received Import Request.
  Time since last request: 0.000017 seconds.
  path: Assets/cemetery halloween set/Prefab_mobile/mobile_skull_04.prefab
  artifactKey: Guid(7ae739358cd32f941acc066166d2ae22) Importer(815301076,1909f56bfc062723c751e8b465ee728b)
Number of updated assets reloaded before import = 0
Start importing Assets/cemetery halloween set/Prefab_mobile/mobile_skull_04.prefab using Guid(7ae739358cd32f941acc066166d2ae22) Importer(815301076,1909f56bfc062723c751e8b465ee728b)  -> (artifact id: '947aa84e99e1a2346aead4736c062c86') in 0.028550 seconds 
Number of asset objects unloaded after import = 10
========================================================================
Received Import Request.
  Time since last request: 0.000016 seconds.
  path: Assets/cemetery halloween set/Prefab_mobile/mobile_skull_02.prefab
  artifactKey: Guid(dca726b35507ae4408bdd768c2516b90) Importer(815301076,1909f56bfc062723c751e8b465ee728b)
Number of updated assets reloaded before import = 0
Start importing Assets/cemetery halloween set/Prefab_mobile/mobile_skull_02.prefab using Guid(dca726b35507ae4408bdd768c2516b90) Importer(815301076,1909f56bfc062723c751e8b465ee728b)  -> (artifact id: 'c83e0bd460bc16c208d6c82cc50075f8') in 0.030637 seconds 
Number of asset objects unloaded after import = 10
========================================================================
Received Import Request.
  Time since last request: 0.000016 seconds.
  path: Assets/cemetery halloween set/Prefab_mobile/mobile_skull_01.prefab
  artifactKey: Guid(62b8df686f4cf764e8a6811533f005ab) Importer(815301076,1909f56bfc062723c751e8b465ee728b)
Number of updated assets reloaded before import = 0
Start importing Assets/cemetery halloween set/Prefab_mobile/mobile_skull_01.prefab using Guid(62b8df686f4cf764e8a6811533f005ab) Importer(815301076,1909f56bfc062723c751e8b465ee728b)  -> (artifact id: 'ab9840ab99470426ad920b7bad586777') in 0.025309 seconds 
Number of asset objects unloaded after import = 10
========================================================================
Received Import Request.
  Time since last request: 0.000030 seconds.
  path: Assets/cemetery halloween set/Prefab_mobile/mobile_dead_tree_03.prefab
  artifactKey: Guid(47bf5b06c3f82dc43a768d825858058b) Importer(815301076,1909f56bfc062723c751e8b465ee728b)
Number of updated assets reloaded before import = 0
Start importing Assets/cemetery halloween set/Prefab_mobile/mobile_dead_tree_03.prefab using Guid(47bf5b06c3f82dc43a768d825858058b) Importer(815301076,1909f56bfc062723c751e8b465ee728b)  -> (artifact id: '9e8dc24fa1591f780a9cb756ac6657a2') in 0.028303 seconds 
Number of asset objects unloaded after import = 18
========================================================================
Received Import Request.
  Time since last request: 0.000028 seconds.
  path: Assets/cemetery halloween set/Prefab_mobile/mobile_pumpkin_02.prefab
  artifactKey: Guid(eb8425daf233f5f4bb6fccb2ce3e9199) Importer(815301076,1909f56bfc062723c751e8b465ee728b)
Number of updated assets reloaded before import = 0
Start importing Assets/cemetery halloween set/Prefab_mobile/mobile_pumpkin_02.prefab using Guid(eb8425daf233f5f4bb6fccb2ce3e9199) Importer(815301076,1909f56bfc062723c751e8b465ee728b)  -> (artifact id: '2648edaca5121389d56649072d10c83b') in 0.027773 seconds 
Number of asset objects unloaded after import = 16
========================================================================
Received Import Request.
  Time since last request: 0.000019 seconds.
  path: Assets/cemetery halloween set/Prefab_mobile/mobile_gravestone_01.prefab
  artifactKey: Guid(d9b9d7f65e06eea4b9fb8e39bebc098c) Importer(815301076,1909f56bfc062723c751e8b465ee728b)
Number of updated assets reloaded before import = 0
Start importing Assets/cemetery halloween set/Prefab_mobile/mobile_gravestone_01.prefab using Guid(d9b9d7f65e06eea4b9fb8e39bebc098c) Importer(815301076,1909f56bfc062723c751e8b465ee728b)  -> (artifact id: '93c89768dd354ac53d11a568b3a2f726') in 0.027053 seconds 
Number of asset objects unloaded after import = 10
========================================================================
Received Import Request.
  Time since last request: 0.000019 seconds.
  path: Assets/cemetery halloween set/Prefab_mobile/mobile_gravestone_05.prefab
  artifactKey: Guid(45dbd24af5f29ff4e9dd35279d2249a7) Importer(815301076,1909f56bfc062723c751e8b465ee728b)
Number of updated assets reloaded before import = 0
Start importing Assets/cemetery halloween set/Prefab_mobile/mobile_gravestone_05.prefab using Guid(45dbd24af5f29ff4e9dd35279d2249a7) Importer(815301076,1909f56bfc062723c751e8b465ee728b)  -> (artifact id: '04f29a5e0e70713a67fa9cccc9079fe5') in 0.026150 seconds 
Number of asset objects unloaded after import = 10
========================================================================
Received Import Request.
  Time since last request: 0.000029 seconds.
  path: Assets/cemetery halloween set/Prefab_mobile/mobile_gravestone_06.prefab
  artifactKey: Guid(4c904a7b752d6ca40a9a12c8bc49a106) Importer(815301076,1909f56bfc062723c751e8b465ee728b)
Number of updated assets reloaded before import = 0
Start importing Assets/cemetery halloween set/Prefab_mobile/mobile_gravestone_06.prefab using Guid(4c904a7b752d6ca40a9a12c8bc49a106) Importer(815301076,1909f56bfc062723c751e8b465ee728b)  -> (artifact id: '433d8bd1e968cfb4ac79b968e0d17d52') in 0.025098 seconds 
Number of asset objects unloaded after import = 10
========================================================================
Received Import Request.
  Time since last request: 0.000024 seconds.
  path: Assets/cemetery halloween set/Prefab_mobile/gate_01.prefab
  artifactKey: Guid(91d8c8bf5150b734990a9c8c39f3ba87) Importer(815301076,1909f56bfc062723c751e8b465ee728b)
Number of updated assets reloaded before import = 0
Start importing Assets/cemetery halloween set/Prefab_mobile/gate_01.prefab using Guid(91d8c8bf5150b734990a9c8c39f3ba87) Importer(815301076,1909f56bfc062723c751e8b465ee728b)  -> (artifact id: '07603d5bfbe4f14d83964a90a0914af9') in 0.030693 seconds 
Number of asset objects unloaded after import = 28
========================================================================
Received Import Request.
  Time since last request: 0.000030 seconds.
  path: Assets/cemetery halloween set/Prefab_mobile/mobile_gravestone_09.prefab
  artifactKey: Guid(0e2d286a71be2fd4188c6fd4491c245d) Importer(815301076,1909f56bfc062723c751e8b465ee728b)
Number of updated assets reloaded before import = 0
Start importing Assets/cemetery halloween set/Prefab_mobile/mobile_gravestone_09.prefab using Guid(0e2d286a71be2fd4188c6fd4491c245d) Importer(815301076,1909f56bfc062723c751e8b465ee728b)  -> (artifact id: 'd13ed50b9e2a6e029b45d239d505211f') in 0.031409 seconds 
Number of asset objects unloaded after import = 10
========================================================================
Received Import Request.
  Time since last request: 0.000043 seconds.
  path: Assets/cemetery halloween set/Prefab_mobile/mobile_lava_dead_tree_02.prefab
  artifactKey: Guid(7f76e4513eff39d4fb3031a1beace14c) Importer(815301076,1909f56bfc062723c751e8b465ee728b)
Number of updated assets reloaded before import = 0
Start importing Assets/cemetery halloween set/Prefab_mobile/mobile_lava_dead_tree_02.prefab using Guid(7f76e4513eff39d4fb3031a1beace14c) Importer(815301076,1909f56bfc062723c751e8b465ee728b)  -> (artifact id: 'cb14f9981460e0ce428221a35c136285') in 0.031730 seconds 
Number of asset objects unloaded after import = 18
========================================================================
Received Import Request.
  Time since last request: 0.000027 seconds.
  path: Assets/cemetery halloween set/Prefab_mobile/mobile_rock_12.prefab
  artifactKey: Guid(3b6669518fcce194991ed5f8f079d647) Importer(815301076,1909f56bfc062723c751e8b465ee728b)
Number of updated assets reloaded before import = 0
Start importing Assets/cemetery halloween set/Prefab_mobile/mobile_rock_12.prefab using Guid(3b6669518fcce194991ed5f8f079d647) Importer(815301076,1909f56bfc062723c751e8b465ee728b)  -> (artifact id: 'f8dcd00785a3cf0d5b7d76adaaf243d2') in 0.031800 seconds 
Number of asset objects unloaded after import = 10
========================================================================
Received Import Request.
  Time since last request: 0.000027 seconds.
  path: Assets/cemetery halloween set/Prefab_mobile/mobile_dead_tree_01.prefab
  artifactKey: Guid(82b2054d2bd318c4e8c7b06e163cba40) Importer(815301076,1909f56bfc062723c751e8b465ee728b)
Number of updated assets reloaded before import = 0
Start importing Assets/cemetery halloween set/Prefab_mobile/mobile_dead_tree_01.prefab using Guid(82b2054d2bd318c4e8c7b06e163cba40) Importer(815301076,1909f56bfc062723c751e8b465ee728b)  -> (artifact id: '07b3551e45e9a842f0a02f098eae587b') in 0.033129 seconds 
Number of asset objects unloaded after import = 18
========================================================================
Received Import Request.
  Time since last request: 0.000024 seconds.
  path: Assets/cemetery halloween set/Prefab_mobile/mobile_rock_06.prefab
  artifactKey: Guid(0808e633d398e0e4d86e0d031ab6bec8) Importer(815301076,1909f56bfc062723c751e8b465ee728b)
Number of updated assets reloaded before import = 0
Start importing Assets/cemetery halloween set/Prefab_mobile/mobile_rock_06.prefab using Guid(0808e633d398e0e4d86e0d031ab6bec8) Importer(815301076,1909f56bfc062723c751e8b465ee728b)  -> (artifact id: '65d90883738a1931abbd85371d8c8f63') in 0.030041 seconds 
Number of asset objects unloaded after import = 10
========================================================================
Received Import Request.
  Time since last request: 0.006255 seconds.
  path: Assets/cemetery halloween set/Prefab_mobile/mobile_zombie_hand_02.prefab
  artifactKey: Guid(d3c60966aad888c4cb7b61efd3dd3885) Importer(815301076,1909f56bfc062723c751e8b465ee728b)
Number of updated assets reloaded before import = 0
Start importing Assets/cemetery halloween set/Prefab_mobile/mobile_zombie_hand_02.prefab using Guid(d3c60966aad888c4cb7b61efd3dd3885) Importer(815301076,1909f56bfc062723c751e8b465ee728b)  -> (artifact id: '94e46d260dc38c11288a6833bd17ae24') in 0.031922 seconds 
Number of asset objects unloaded after import = 10
========================================================================
Received Import Request.
  Time since last request: 0.000020 seconds.
  path: Assets/cemetery halloween set/Prefab_mobile/Tree01_BG.prefab
  artifactKey: Guid(ecfa1f25d7669da4c9bcdf7acf50da99) Importer(815301076,1909f56bfc062723c751e8b465ee728b)
Number of updated assets reloaded before import = 0
Start importing Assets/cemetery halloween set/Prefab_mobile/Tree01_BG.prefab using Guid(ecfa1f25d7669da4c9bcdf7acf50da99) Importer(815301076,1909f56bfc062723c751e8b465ee728b)  -> (artifact id: '5c905e3e8ab8f4ca1fed8c26ed6f28d2') in 0.024505 seconds 
Number of asset objects unloaded after import = 11
========================================================================
Received Import Request.
  Time since last request: 0.000019 seconds.
  path: Assets/cemetery halloween set/Prefab_mobile/mobile_zombie_hand_04.prefab
  artifactKey: Guid(b17c8758517d6ef43882eb1f0880a3c4) Importer(815301076,1909f56bfc062723c751e8b465ee728b)
Number of updated assets reloaded before import = 0
Start importing Assets/cemetery halloween set/Prefab_mobile/mobile_zombie_hand_04.prefab using Guid(b17c8758517d6ef43882eb1f0880a3c4) Importer(815301076,1909f56bfc062723c751e8b465ee728b)  -> (artifact id: '1108c4f44f5fb1a901fdd131b49872ee') in 0.030434 seconds 
Number of asset objects unloaded after import = 10
========================================================================
Received Import Request.
  Time since last request: 0.000022 seconds.
  path: Assets/cemetery halloween set/Prefab_mobile/mobile_zombie_hand_07.prefab
  artifactKey: Guid(39f4bfe2822687240b47fec90e78667c) Importer(815301076,1909f56bfc062723c751e8b465ee728b)
Number of updated assets reloaded before import = 0
Start importing Assets/cemetery halloween set/Prefab_mobile/mobile_zombie_hand_07.prefab using Guid(39f4bfe2822687240b47fec90e78667c) Importer(815301076,1909f56bfc062723c751e8b465ee728b)  -> (artifact id: 'ef0f7a396dd5bd0a5c742fce31e3ef61') in 0.030474 seconds 
Number of asset objects unloaded after import = 10
========================================================================
Received Import Request.
  Time since last request: 0.000019 seconds.
  path: Assets/cemetery halloween set/Prefab_mobile/Tree03_BG.prefab
  artifactKey: Guid(1f15c9ff12e13e048b197fc392000825) Importer(815301076,1909f56bfc062723c751e8b465ee728b)
Number of updated assets reloaded before import = 0
Start importing Assets/cemetery halloween set/Prefab_mobile/Tree03_BG.prefab using Guid(1f15c9ff12e13e048b197fc392000825) Importer(815301076,1909f56bfc062723c751e8b465ee728b)  -> (artifact id: 'c90c487e7f59cbd510cd632ff09e2df5') in 0.014706 seconds 
Number of asset objects unloaded after import = 11
========================================================================
Received Import Request.
  Time since last request: 0.000019 seconds.
  path: Assets/cemetery halloween set/Prefab_mobile/Tree04_BG.prefab
  artifactKey: Guid(78555f4733f7d7d429f63aaf92c03e5e) Importer(815301076,1909f56bfc062723c751e8b465ee728b)
Number of updated assets reloaded before import = 0
Start importing Assets/cemetery halloween set/Prefab_mobile/Tree04_BG.prefab using Guid(78555f4733f7d7d429f63aaf92c03e5e) Importer(815301076,1909f56bfc062723c751e8b465ee728b)  -> (artifact id: '8be24ef322a72474e0825d76057ec7ff') in 0.016115 seconds 
Number of asset objects unloaded after import = 11
========================================================================
Received Import Request.
  Time since last request: 0.000020 seconds.
  path: Assets/cemetery halloween set/Prefab_mobile/spiderweb_02.prefab
  artifactKey: Guid(d9b05105513ab9d4190901db9fa71d48) Importer(815301076,1909f56bfc062723c751e8b465ee728b)
Number of updated assets reloaded before import = 0
Start importing Assets/cemetery halloween set/Prefab_mobile/spiderweb_02.prefab using Guid(d9b05105513ab9d4190901db9fa71d48) Importer(815301076,1909f56bfc062723c751e8b465ee728b)  -> (artifact id: '29c6e0637e91adc1a36c8f7d6520aaf4') in 0.025659 seconds 
Number of asset objects unloaded after import = 10
========================================================================
Received Import Request.
  Time since last request: 0.000023 seconds.
  path: Assets/cemetery halloween set/Prefab_mobile/mobile_zombie_hand_06.prefab
  artifactKey: Guid(503c5c360c6265f48bdfa88c8c90534e) Importer(815301076,1909f56bfc062723c751e8b465ee728b)
Number of updated assets reloaded before import = 0
Start importing Assets/cemetery halloween set/Prefab_mobile/mobile_zombie_hand_06.prefab using Guid(503c5c360c6265f48bdfa88c8c90534e) Importer(815301076,1909f56bfc062723c751e8b465ee728b)  -> (artifact id: 'fea768163120c37e9ba1046ff56dcf3f') in 0.027038 seconds 
Number of asset objects unloaded after import = 10
========================================================================
Received Import Request.
  Time since last request: 0.000027 seconds.
  path: Assets/cemetery halloween set/Prefab_mobile/mobile_zombie_hand_08.prefab
  artifactKey: Guid(0376a16bf199eb04fba2e6f2a8739ea8) Importer(815301076,1909f56bfc062723c751e8b465ee728b)
Number of updated assets reloaded before import = 0
Start importing Assets/cemetery halloween set/Prefab_mobile/mobile_zombie_hand_08.prefab using Guid(0376a16bf199eb04fba2e6f2a8739ea8) Importer(815301076,1909f56bfc062723c751e8b465ee728b)  -> (artifact id: '1549a3a4f81a4dd46f3ddfc40078ef6d') in 0.025239 seconds 
Number of asset objects unloaded after import = 10
========================================================================
Received Prepare
Registering precompiled user dll's ...
Registered in 0.003469 seconds.
Begin MonoManager ReloadAssembly
Native extension for WindowsStandalone target not found
Refreshing native plugins compatible for Editor in 0.61 ms, found 3 plugins.
Preloading 0 native plugins for Editor in 0.00 ms.
[Package Manager] Server::EnsureServerProcessIsRunning -- launch failed, reason: Unity was launched with the -noUpm command-line argument
[Package Manager] Cannot connect to Unity Package Manager local server
Mono: successfully reloaded assembly
- Completed reload, in  1.269 seconds
Domain Reload Profiling:
	ReloadAssembly (1270ms)
		BeginReloadAssembly (147ms)
			ExecutionOrderSort (0ms)
			DisableScriptedObjects (4ms)
			BackupInstance (0ms)
			ReleaseScriptingObjects (0ms)
			CreateAndSetChildDomain (35ms)
		EndReloadAssembly (1033ms)
			LoadAssemblies (93ms)
			RebuildTransferFunctionScriptingTraits (0ms)
			SetupTypeCache (256ms)
			ReleaseScriptCaches (1ms)
			RebuildScriptCaches (42ms)
			SetupLoadedEditorAssemblies (634ms)
				LogAssemblyErrors (0ms)
				InitializePlatformSupportModulesInManaged (5ms)
				SetLoadedEditorAssemblies (1ms)
				RefreshPlugins (1ms)
				BeforeProcessingInitializeOnLoad (49ms)
				ProcessInitializeOnLoadAttributes (555ms)
				ProcessInitializeOnLoadMethodAttributes (20ms)
				AfterProcessingInitializeOnLoad (3ms)
				EditorAssembliesLoaded (0ms)
			ExecutionOrderSort2 (0ms)
			AwakeInstancesAfterBackupRestoration (7ms)
Platform modules already initialized, skipping
Refreshing native plugins compatible for Editor in 1.11 ms, found 3 plugins.
Preloading 0 native plugins for Editor in 0.00 ms.
Unloading 3064 Unused Serialized files (Serialized files now loaded: 0)
Unloading 18 unused Assets / (21.9 KB). Loaded Objects now: 3568.
Memory consumption went from 130.4 MB to 130.3 MB.
Total: 3.956300 ms (FindLiveObjects: 0.453100 ms CreateObjectMapping: 0.115600 ms MarkObjects: 3.352000 ms  DeleteObjects: 0.034500 ms)

AssetImportParameters requested are different than current active one (requested -> active):
  custom:video-decoder-ogg-theora: a1e56fd34408186e4bbccfd4996cb3dc -> 
  custom:container-muxer-webm: aa71ff27fc2769a1b78a27578f13a17b -> 
  custom:container-demuxer-webm: 4f35f7cbe854078d1ac9338744f61a02 -> 
  custom:video-encoder-webm-vp8: eb34c28f22e8b96e1ab97ce403110664 -> 
  custom:CustomObjectIndexerAttribute: bc11b3a6c3213fcdd17b65e7da85e133 -> 
  custom:audio-encoder-webm-vorbis: bf7c407c2cedff20999df2af8eb42d56 -> 
  custom:framework-win-MediaFoundation: 216162199b28c13a410421893ffa2e32 -> 
  custom:SearchIndexIgnoredProperties: e643bd26f0fe6173181afceb89e7c659 -> 
  custom:container-demuxer-ogg: 62fdf1f143b41e24485cea50d1cbac27 -> 
  custom:video-decoder-webm-vp8: 9c59270c3fd7afecdb556c50c9e8de78 -> 
  custom:audio-decoder-ogg-vorbis: bf7c407c2cedff20999df2af8eb42d56 -> 
========================================================================
Received Import Request.
  Time since last request: 1072.989086 seconds.
  path: Assets/BrokenVector/LowPolyDungeon/Materials/Diffuse_Default.mat
  artifactKey: Guid(fa9e8323c39675f459e110ce7b78f7cf) Importer(815301076,1909f56bfc062723c751e8b465ee728b)
Number of updated assets reloaded before import = 0
Start importing Assets/BrokenVector/LowPolyDungeon/Materials/Diffuse_Default.mat using Guid(fa9e8323c39675f459e110ce7b78f7cf) Importer(815301076,1909f56bfc062723c751e8b465ee728b)  -> (artifact id: '04c744df4e0baf8cf752aad0ba354802') in 0.091988 seconds 
Number of asset objects unloaded after import = 2
========================================================================
Received Import Request.
  Time since last request: 0.000034 seconds.
  path: Assets/BrokenVector/LowPolyDungeon/Materials/Floor_Muddy.mat
  artifactKey: Guid(2bbbb3d84dce75d4581b151f12702225) Importer(815301076,1909f56bfc062723c751e8b465ee728b)
Number of updated assets reloaded before import = 0
Start importing Assets/BrokenVector/LowPolyDungeon/Materials/Floor_Muddy.mat using Guid(2bbbb3d84dce75d4581b151f12702225) Importer(815301076,1909f56bfc062723c751e8b465ee728b)  -> (artifact id: '93f0baabc1e9f637db679a05d387cac5') in 0.119218 seconds 
Number of asset objects unloaded after import = 2
========================================================================
Received Import Request.
  Time since last request: 0.000031 seconds.
  path: Assets/BrokenVector/LowPolyDungeon/Materials/LPD_Texture.png
  artifactKey: Guid(fbdc28b4a3304bb4185e640c32ffc5c5) Importer(815301076,1909f56bfc062723c751e8b465ee728b)
Number of updated assets reloaded before import = 0
Start importing Assets/BrokenVector/LowPolyDungeon/Materials/LPD_Texture.png using Guid(fbdc28b4a3304bb4185e640c32ffc5c5) Importer(815301076,1909f56bfc062723c751e8b465ee728b)  -> (artifact id: '70b661d77fc0c1ea04ea29feb31edf50') in 0.062560 seconds 
Number of asset objects unloaded after import = 2
========================================================================
Received Import Request.
  Time since last request: 0.000020 seconds.
  path: Assets/BrokenVector/LowPolyDungeon/Materials/Plants.mat
  artifactKey: Guid(5fabd768dbdf5c941a206f5afecaa38e) Importer(815301076,1909f56bfc062723c751e8b465ee728b)
Number of updated assets reloaded before import = 0
Start importing Assets/BrokenVector/LowPolyDungeon/Materials/Plants.mat using Guid(5fabd768dbdf5c941a206f5afecaa38e) Importer(815301076,1909f56bfc062723c751e8b465ee728b)  -> (artifact id: 'a9ccdf663ef1a4bfe36d37891c9d994c') in 0.013151 seconds 
Number of asset objects unloaded after import = 2
========================================================================
Received Import Request.
  Time since last request: 0.000019 seconds.
  path: Assets/BrokenVector/LowPolyDungeon/Materials/Stone_Floor.mat
  artifactKey: Guid(88056ad3707bb6346ad6e69bf350d54d) Importer(815301076,1909f56bfc062723c751e8b465ee728b)
Number of updated assets reloaded before import = 0
Start importing Assets/BrokenVector/LowPolyDungeon/Materials/Stone_Floor.mat using Guid(88056ad3707bb6346ad6e69bf350d54d) Importer(815301076,1909f56bfc062723c751e8b465ee728b)  -> (artifact id: '7d195258b0796989b3cd43405ca123a8') in 0.013162 seconds 
Number of asset objects unloaded after import = 2
========================================================================
Received Import Request.
  Time since last request: 0.000016 seconds.
  path: Assets/BrokenVector/LowPolyDungeon/Materials/Wax_Candle.mat
  artifactKey: Guid(608d5ffbcc8ba6d4da4dcc0224fef9ea) Importer(815301076,1909f56bfc062723c751e8b465ee728b)
Number of updated assets reloaded before import = 0
Start importing Assets/BrokenVector/LowPolyDungeon/Materials/Wax_Candle.mat using Guid(608d5ffbcc8ba6d4da4dcc0224fef9ea) Importer(815301076,1909f56bfc062723c751e8b465ee728b)  -> (artifact id: 'a062e9b3de2a29173a1109b3bf16d009') in 0.022632 seconds 
Number of asset objects unloaded after import = 2
========================================================================
Received Import Request.
  Time since last request: 0.000034 seconds.
  path: Assets/BrokenVector/LowPolyDungeon/Materials/FakeSky.mat
  artifactKey: Guid(2fe819538415a2547bf4aa9f7e002555) Importer(815301076,1909f56bfc062723c751e8b465ee728b)
Number of updated assets reloaded before import = 0
Start importing Assets/BrokenVector/LowPolyDungeon/Materials/FakeSky.mat using Guid(2fe819538415a2547bf4aa9f7e002555) Importer(815301076,1909f56bfc062723c751e8b465ee728b)  -> (artifact id: 'c46642da2035ef9c7fdcaa52d051eec6') in 0.120567 seconds 
Number of asset objects unloaded after import = 1
========================================================================
Received Import Request.
  Time since last request: 0.000025 seconds.
  path: Assets/BrokenVector/LowPolyDungeon/Materials/Water_Muddy.mat
  artifactKey: Guid(a5e122a60536c4e4aa815feffacdfac9) Importer(815301076,1909f56bfc062723c751e8b465ee728b)
Number of updated assets reloaded before import = 0
Start importing Assets/BrokenVector/LowPolyDungeon/Materials/Water_Muddy.mat using Guid(a5e122a60536c4e4aa815feffacdfac9) Importer(815301076,1909f56bfc062723c751e8b465ee728b)  -> (artifact id: 'aefb9a45b55bf02cafbb98cb052ec40f') in 0.013895 seconds 
Number of asset objects unloaded after import = 2
========================================================================
Received Import Request.
  Time since last request: 0.000035 seconds.
  path: Assets/BrokenVector/LowPolyDungeon/Materials/Metal_Polished.mat
  artifactKey: Guid(53ce828af18d0eb46b8e8ede9ab92220) Importer(815301076,1909f56bfc062723c751e8b465ee728b)
Number of updated assets reloaded before import = 0
Start importing Assets/BrokenVector/LowPolyDungeon/Materials/Metal_Polished.mat using Guid(53ce828af18d0eb46b8e8ede9ab92220) Importer(815301076,1909f56bfc062723c751e8b465ee728b)  -> (artifact id: '715ec7f24ea22069eba6255c042d43d8') in 0.013284 seconds 
Number of asset objects unloaded after import = 2
========================================================================
Received Import Request.
  Time since last request: 0.000015 seconds.
  path: Assets/BrokenVector/LowPolyDungeon/Materials/Potion.mat
  artifactKey: Guid(d7afee8ecf148b041b622449663d7ef9) Importer(815301076,1909f56bfc062723c751e8b465ee728b)
Number of updated assets reloaded before import = 0
Start importing Assets/BrokenVector/LowPolyDungeon/Materials/Potion.mat using Guid(d7afee8ecf148b041b622449663d7ef9) Importer(815301076,1909f56bfc062723c751e8b465ee728b)  -> (artifact id: '1dcca2f8236ef356ca9cc8779f68d1b7') in 0.208788 seconds 
Number of asset objects unloaded after import = 2
========================================================================
Received Import Request.
  Time since last request: 4.134768 seconds.
  path: Assets/BrokenVector/LowPolyDungeon/Models/Lamps/Candlestick_Triple.fbx
  artifactKey: Guid(9113a0b797edd634c876e92de58f44a0) Importer(815301076,1909f56bfc062723c751e8b465ee728b)
Number of updated assets reloaded before import = 0
Start importing Assets/BrokenVector/LowPolyDungeon/Models/Lamps/Candlestick_Triple.fbx using Guid(9113a0b797edd634c876e92de58f44a0) Importer(815301076,1909f56bfc062723c751e8b465ee728b)  -> (artifact id: '606981600c8a29131e813ee385a1132c') in 0.049369 seconds 
Number of asset objects unloaded after import = 11
========================================================================
Received Import Request.
  Time since last request: 0.000018 seconds.
  path: Assets/BrokenVector/LowPolyDungeon/Models/Lamps/Torch.fbx
  artifactKey: Guid(2c42ef5548f399348a850bc645e36b87) Importer(815301076,1909f56bfc062723c751e8b465ee728b)
Number of updated assets reloaded before import = 0
Start importing Assets/BrokenVector/LowPolyDungeon/Models/Lamps/Torch.fbx using Guid(2c42ef5548f399348a850bc645e36b87) Importer(815301076,1909f56bfc062723c751e8b465ee728b)  -> (artifact id: '4d4fb3a1ad73a06307827570c2b98f73') in 0.081466 seconds 
Number of asset objects unloaded after import = 11
========================================================================
Received Import Request.
  Time since last request: 2.072883 seconds.
  path: Assets/BrokenVector/LowPolyDungeon/Models/Clutter/Beaker_Empty.fbx
  artifactKey: Guid(affe7203ad95ac04884cd98a039abd27) Importer(815301076,1909f56bfc062723c751e8b465ee728b)
Number of updated assets reloaded before import = 0
Start importing Assets/BrokenVector/LowPolyDungeon/Models/Clutter/Beaker_Empty.fbx using Guid(affe7203ad95ac04884cd98a039abd27) Importer(815301076,1909f56bfc062723c751e8b465ee728b)  -> (artifact id: '3c3e52e6f67ac09f27e69cc304a6d901') in 0.164125 seconds 
Number of asset objects unloaded after import = 10
========================================================================
Received Import Request.
  Time since last request: 0.000020 seconds.
  path: Assets/BrokenVector/LowPolyDungeon/Models/Clutter/Book_Big_Brown.fbx
  artifactKey: Guid(54c2100317f765442a1f247c7d09ccf5) Importer(815301076,1909f56bfc062723c751e8b465ee728b)
Number of updated assets reloaded before import = 0
Start importing Assets/BrokenVector/LowPolyDungeon/Models/Clutter/Book_Big_Brown.fbx using Guid(54c2100317f765442a1f247c7d09ccf5) Importer(815301076,1909f56bfc062723c751e8b465ee728b)  -> (artifact id: '5f30a9a3fa174a7beeaea14835b2d023') in 0.015102 seconds 
Number of asset objects unloaded after import = 11
========================================================================
Received Import Request.
  Time since last request: 0.000032 seconds.
  path: Assets/BrokenVector/LowPolyDungeon/Models/Clutter/Bread_Half.fbx
  artifactKey: Guid(f3ce4e9067ea46d489a77bbba593436a) Importer(815301076,1909f56bfc062723c751e8b465ee728b)
Number of updated assets reloaded before import = 0
Start importing Assets/BrokenVector/LowPolyDungeon/Models/Clutter/Bread_Half.fbx using Guid(f3ce4e9067ea46d489a77bbba593436a) Importer(815301076,1909f56bfc062723c751e8b465ee728b)  -> (artifact id: '52a4e8810b03eb9597317199ff835c04') in 0.017726 seconds 
Number of asset objects unloaded after import = 10
========================================================================
Received Import Request.
  Time since last request: 0.000013 seconds.
  path: Assets/BrokenVector/LowPolyDungeon/Models/Clutter/Bucket.fbx
  artifactKey: Guid(c92f800f4ab0055479becfd4aa479194) Importer(815301076,1909f56bfc062723c751e8b465ee728b)
Number of updated assets reloaded before import = 0
Start importing Assets/BrokenVector/LowPolyDungeon/Models/Clutter/Bucket.fbx using Guid(c92f800f4ab0055479becfd4aa479194) Importer(815301076,1909f56bfc062723c751e8b465ee728b)  -> (artifact id: 'b95441a35eb4e81ea86f32bb5fe03446') in 0.018938 seconds 
Number of asset objects unloaded after import = 11
========================================================================
Received Import Request.
  Time since last request: 0.000015 seconds.
  path: Assets/BrokenVector/LowPolyDungeon/Models/Clutter/Potato.fbx
  artifactKey: Guid(0f7a0546cdceb1f4d8df8c7fb52f2523) Importer(815301076,1909f56bfc062723c751e8b465ee728b)
Number of updated assets reloaded before import = 0
Start importing Assets/BrokenVector/LowPolyDungeon/Models/Clutter/Potato.fbx using Guid(0f7a0546cdceb1f4d8df8c7fb52f2523) Importer(815301076,1909f56bfc062723c751e8b465ee728b)  -> (artifact id: '5853eb51eb35444e9c53152247308022') in 0.019621 seconds 
Number of asset objects unloaded after import = 10
========================================================================
Received Import Request.
  Time since last request: 0.000018 seconds.
  path: Assets/BrokenVector/LowPolyDungeon/Models/Clutter/Scroll_Small.fbx
  artifactKey: Guid(07c11632f362e9544a7c89ada554f4f7) Importer(815301076,1909f56bfc062723c751e8b465ee728b)
Number of updated assets reloaded before import = 0
Start importing Assets/BrokenVector/LowPolyDungeon/Models/Clutter/Scroll_Small.fbx using Guid(07c11632f362e9544a7c89ada554f4f7) Importer(815301076,1909f56bfc062723c751e8b465ee728b)  -> (artifact id: '312d96b2498c1d98962ede8ad62758c8') in 0.020381 seconds 
Number of asset objects unloaded after import = 10
========================================================================
Received Import Request.
  Time since last request: 0.000024 seconds.
  path: Assets/BrokenVector/LowPolyDungeon/Models/Clutter/Scroll_Elder.fbx
  artifactKey: Guid(1cc69bcd5c8feea4493059cb89fd3104) Importer(815301076,1909f56bfc062723c751e8b465ee728b)
Number of updated assets reloaded before import = 0
Start importing Assets/BrokenVector/LowPolyDungeon/Models/Clutter/Scroll_Elder.fbx using Guid(1cc69bcd5c8feea4493059cb89fd3104) Importer(815301076,1909f56bfc062723c751e8b465ee728b)  -> (artifact id: 'c27fd89bea3826407abd26409a842a33') in 0.034111 seconds 
Number of asset objects unloaded after import = 11
========================================================================
Received Import Request.
  Time since last request: 0.000022 seconds.
  path: Assets/BrokenVector/LowPolyDungeon/Models/Clutter/Meat.fbx
  artifactKey: Guid(fd8f5bc11b0289948b50da67132110ce) Importer(815301076,1909f56bfc062723c751e8b465ee728b)
Number of updated assets reloaded before import = 0
Start importing Assets/BrokenVector/LowPolyDungeon/Models/Clutter/Meat.fbx using Guid(fd8f5bc11b0289948b50da67132110ce) Importer(815301076,1909f56bfc062723c751e8b465ee728b)  -> (artifact id: 'ca37a7befe8542774c96c86ec49ddf47') in 0.029351 seconds 
Number of asset objects unloaded after import = 10
========================================================================
Received Import Request.
  Time since last request: 0.000025 seconds.
  path: Assets/BrokenVector/LowPolyDungeon/Models/Clutter/Book_Brown.fbx
  artifactKey: Guid(dc2941d78abd1554c898c60a773f4dad) Importer(815301076,1909f56bfc062723c751e8b465ee728b)
Number of updated assets reloaded before import = 0
Start importing Assets/BrokenVector/LowPolyDungeon/Models/Clutter/Book_Brown.fbx using Guid(dc2941d78abd1554c898c60a773f4dad) Importer(815301076,1909f56bfc062723c751e8b465ee728b)  -> (artifact id: 'bee28dc0e2cc9bfea9f69b768505ffdf') in 0.030730 seconds 
Number of asset objects unloaded after import = 11
========================================================================
Received Import Request.
  Time since last request: 0.000023 seconds.
  path: Assets/BrokenVector/LowPolyDungeon/Models/Clutter/Plant_Root.fbx
  artifactKey: Guid(88572447e83b2514ab33f918fad7afea) Importer(815301076,1909f56bfc062723c751e8b465ee728b)
Number of updated assets reloaded before import = 0
Start importing Assets/BrokenVector/LowPolyDungeon/Models/Clutter/Plant_Root.fbx using Guid(88572447e83b2514ab33f918fad7afea) Importer(815301076,1909f56bfc062723c751e8b465ee728b)  -> (artifact id: '532cd8a0457480746333e5cf0c2e5998') in 0.018927 seconds 
Number of asset objects unloaded after import = 10
========================================================================
Received Import Request.
  Time since last request: 0.000018 seconds.
  path: Assets/BrokenVector/LowPolyDungeon/Models/Clutter/Book_Big_Red.fbx
  artifactKey: Guid(ca50010b0ae6b8f4c94725ca828dc68f) Importer(815301076,1909f56bfc062723c751e8b465ee728b)
Number of updated assets reloaded before import = 0
Start importing Assets/BrokenVector/LowPolyDungeon/Models/Clutter/Book_Big_Red.fbx using Guid(ca50010b0ae6b8f4c94725ca828dc68f) Importer(815301076,1909f56bfc062723c751e8b465ee728b)  -> (artifact id: '174d1e2ab25c94a45f0d82a97d227975') in 0.018236 seconds 
Number of asset objects unloaded after import = 11
========================================================================
Received Import Request.
  Time since last request: 0.000018 seconds.
  path: Assets/BrokenVector/LowPolyDungeon/Models/Clutter/Mug.fbx
  artifactKey: Guid(882cf729cef5a2e4ab2a057cb8072a5d) Importer(815301076,1909f56bfc062723c751e8b465ee728b)
Number of updated assets reloaded before import = 0
Start importing Assets/BrokenVector/LowPolyDungeon/Models/Clutter/Mug.fbx using Guid(882cf729cef5a2e4ab2a057cb8072a5d) Importer(815301076,1909f56bfc062723c751e8b465ee728b)  -> (artifact id: '5ac9c71a1413d1787f675e8315fecc87') in 0.020458 seconds 
Number of asset objects unloaded after import = 10
========================================================================
Received Import Request.
  Time since last request: 0.000040 seconds.
  path: Assets/BrokenVector/LowPolyDungeon/Models/Clutter/Knife.fbx
  artifactKey: Guid(122018831a92b5f49a92b2094a4062d0) Importer(815301076,1909f56bfc062723c751e8b465ee728b)
Number of updated assets reloaded before import = 0
Start importing Assets/BrokenVector/LowPolyDungeon/Models/Clutter/Knife.fbx using Guid(122018831a92b5f49a92b2094a4062d0) Importer(815301076,1909f56bfc062723c751e8b465ee728b)  -> (artifact id: '35f32cfe58ededf4416681616b451611') in 0.028310 seconds 
Number of asset objects unloaded after import = 12
========================================================================
Received Import Request.
  Time since last request: 0.000020 seconds.
  path: Assets/BrokenVector/LowPolyDungeon/Models/Clutter/FirewoodStack.fbx
  artifactKey: Guid(ab5bc92d03930514493987d17e921ade) Importer(815301076,1909f56bfc062723c751e8b465ee728b)
Number of updated assets reloaded before import = 0
Start importing Assets/BrokenVector/LowPolyDungeon/Models/Clutter/FirewoodStack.fbx using Guid(ab5bc92d03930514493987d17e921ade) Importer(815301076,1909f56bfc062723c751e8b465ee728b)  -> (artifact id: '09b7a333d118b8d08d55968deea7599f') in 0.024007 seconds 
Number of asset objects unloaded after import = 10
========================================================================
Received Import Request.
  Time since last request: 0.000017 seconds.
  path: Assets/BrokenVector/LowPolyDungeon/Models/Clutter/Ivy_Branch.fbx
  artifactKey: Guid(72c499c22acd8d242bb45e122ec43fb2) Importer(815301076,1909f56bfc062723c751e8b465ee728b)
Number of updated assets reloaded before import = 0
Start importing Assets/BrokenVector/LowPolyDungeon/Models/Clutter/Ivy_Branch.fbx using Guid(72c499c22acd8d242bb45e122ec43fb2) Importer(815301076,1909f56bfc062723c751e8b465ee728b)  -> (artifact id: '572b52b93f43a85ad79b2e4c720982ed') in 0.018567 seconds 
Number of asset objects unloaded after import = 10
========================================================================
Received Import Request.
  Time since last request: 0.000016 seconds.
  path: Assets/BrokenVector/LowPolyDungeon/Models/Clutter/Book_DeepRed.fbx
  artifactKey: Guid(8842cdd23cd83c14c9425c0ae07507c7) Importer(815301076,1909f56bfc062723c751e8b465ee728b)
Number of updated assets reloaded before import = 0
Start importing Assets/BrokenVector/LowPolyDungeon/Models/Clutter/Book_DeepRed.fbx using Guid(8842cdd23cd83c14c9425c0ae07507c7) Importer(815301076,1909f56bfc062723c751e8b465ee728b)  -> (artifact id: 'ffa98e7641c692a6b25c02deaab530b4') in 0.017911 seconds 
Number of asset objects unloaded after import = 11
========================================================================
Received Import Request.
  Time since last request: 0.000018 seconds.
  path: Assets/BrokenVector/LowPolyDungeon/Models/Clutter/Jug.fbx
  artifactKey: Guid(0a2618eaf865fb249b3ac4d9a5790629) Importer(815301076,1909f56bfc062723c751e8b465ee728b)
Number of updated assets reloaded before import = 0
Start importing Assets/BrokenVector/LowPolyDungeon/Models/Clutter/Jug.fbx using Guid(0a2618eaf865fb249b3ac4d9a5790629) Importer(815301076,1909f56bfc062723c751e8b465ee728b)  -> (artifact id: 'de9bc2ca29721000ea799fd07662d93a') in 0.148599 seconds 
Number of asset objects unloaded after import = 10
========================================================================
Received Import Request.
  Time since last request: 0.000019 seconds.
  path: Assets/BrokenVector/LowPolyDungeon/Models/Clutter/Scroll_Stack.fbx
  artifactKey: Guid(0f9577e3d59f81a45a567d9e256f092c) Importer(815301076,1909f56bfc062723c751e8b465ee728b)
Number of updated assets reloaded before import = 0
Start importing Assets/BrokenVector/LowPolyDungeon/Models/Clutter/Scroll_Stack.fbx using Guid(0f9577e3d59f81a45a567d9e256f092c) Importer(815301076,1909f56bfc062723c751e8b465ee728b)  -> (artifact id: 'f373c4971a683c476871598c25bd2e96') in 0.020670 seconds 
Number of asset objects unloaded after import = 10
========================================================================
Received Import Request.
  Time since last request: 0.000024 seconds.
  path: Assets/BrokenVector/LowPolyDungeon/Models/Clutter/Lock.fbx
  artifactKey: Guid(c5ad9d55f3f826e44ad8d392fc6b9b89) Importer(815301076,1909f56bfc062723c751e8b465ee728b)
Number of updated assets reloaded before import = 0
Start importing Assets/BrokenVector/LowPolyDungeon/Models/Clutter/Lock.fbx using Guid(c5ad9d55f3f826e44ad8d392fc6b9b89) Importer(815301076,1909f56bfc062723c751e8b465ee728b)  -> (artifact id: 'b51d12abee688b5d1779ca15768092ec') in 0.019070 seconds 
Number of asset objects unloaded after import = 10
========================================================================
Received Import Request.
  Time since last request: 0.000023 seconds.
  path: Assets/BrokenVector/LowPolyDungeon/Models/Clutter/Beaker_Full_Var2.fbx
  artifactKey: Guid(c161e5586532ebc4e8de1f9a45c2754e) Importer(815301076,1909f56bfc062723c751e8b465ee728b)
Number of updated assets reloaded before import = 0
Start importing Assets/BrokenVector/LowPolyDungeon/Models/Clutter/Beaker_Full_Var2.fbx using Guid(c161e5586532ebc4e8de1f9a45c2754e) Importer(815301076,1909f56bfc062723c751e8b465ee728b)  -> (artifact id: '8a02638978f43baf58b58776544267ac') in 0.020003 seconds 
Number of asset objects unloaded after import = 11
========================================================================
Received Import Request.
  Time since last request: 8.250103 seconds.
  path: Assets/BrokenVector/LowPolyDungeon/Models/Furniture/Barrel_Big.fbx
  artifactKey: Guid(40f5762be4fcf5f4fa9151e752d38d16) Importer(815301076,1909f56bfc062723c751e8b465ee728b)
Number of updated assets reloaded before import = 0
Start importing Assets/BrokenVector/LowPolyDungeon/Models/Furniture/Barrel_Big.fbx using Guid(40f5762be4fcf5f4fa9151e752d38d16) Importer(815301076,1909f56bfc062723c751e8b465ee728b)  -> (artifact id: '52c68baf0e3f1bc30576d272f60411ac') in 0.017658 seconds 
Number of asset objects unloaded after import = 11
========================================================================
Received Import Request.
  Time since last request: 0.000014 seconds.
  path: Assets/BrokenVector/LowPolyDungeon/Models/Furniture/WeaponRack_Small.fbx
  artifactKey: Guid(43dd9523f76f5d4448be24e15c4a347c) Importer(815301076,1909f56bfc062723c751e8b465ee728b)
Number of updated assets reloaded before import = 0
Start importing Assets/BrokenVector/LowPolyDungeon/Models/Furniture/WeaponRack_Small.fbx using Guid(43dd9523f76f5d4448be24e15c4a347c) Importer(815301076,1909f56bfc062723c751e8b465ee728b)  -> (artifact id: 'e62eed0d8be1c2bd8b2262022b4d6339') in 0.017953 seconds 
Number of asset objects unloaded after import = 10
========================================================================
Received Import Request.
  Time since last request: 0.000017 seconds.
  path: Assets/BrokenVector/LowPolyDungeon/Models/Furniture/Chair.fbx
  artifactKey: Guid(196b5a548621de443976c8d3e69c75e4) Importer(815301076,1909f56bfc062723c751e8b465ee728b)
Number of updated assets reloaded before import = 0
Start importing Assets/BrokenVector/LowPolyDungeon/Models/Furniture/Chair.fbx using Guid(196b5a548621de443976c8d3e69c75e4) Importer(815301076,1909f56bfc062723c751e8b465ee728b)  -> (artifact id: '2c9c225bdbb79b2ba725c536f650342a') in 0.019431 seconds 
Number of asset objects unloaded after import = 10
========================================================================
Received Import Request.
  Time since last request: 0.000020 seconds.
  path: Assets/BrokenVector/LowPolyDungeon/Models/Furniture/Fireplace.fbx
  artifactKey: Guid(6ed8baf2e73423e46aa82a481016b6b3) Importer(815301076,1909f56bfc062723c751e8b465ee728b)
Number of updated assets reloaded before import = 0
Start importing Assets/BrokenVector/LowPolyDungeon/Models/Furniture/Fireplace.fbx using Guid(6ed8baf2e73423e46aa82a481016b6b3) Importer(815301076,1909f56bfc062723c751e8b465ee728b)  -> (artifact id: '69b10fc41be5207e080f92218edac6ec') in 0.018587 seconds 
Number of asset objects unloaded after import = 12
========================================================================
Received Import Request.
  Time since last request: 0.000021 seconds.
  path: Assets/BrokenVector/LowPolyDungeon/Models/Furniture/Bench.fbx
  artifactKey: Guid(aa574de3686174c48a61ce1af575a075) Importer(815301076,1909f56bfc062723c751e8b465ee728b)
Number of updated assets reloaded before import = 0
Start importing Assets/BrokenVector/LowPolyDungeon/Models/Furniture/Bench.fbx using Guid(aa574de3686174c48a61ce1af575a075) Importer(815301076,1909f56bfc062723c751e8b465ee728b)  -> (artifact id: 'c0627753e78ab48414a7105f41db1c35') in 0.017297 seconds 
Number of asset objects unloaded after import = 10
========================================================================
Received Import Request.
  Time since last request: 0.000020 seconds.
  path: Assets/BrokenVector/LowPolyDungeon/Models/Furniture/Stool_square.fbx
  artifactKey: Guid(6a987db90277a804ca12763b4edaac0d) Importer(815301076,1909f56bfc062723c751e8b465ee728b)
Number of updated assets reloaded before import = 0
Start importing Assets/BrokenVector/LowPolyDungeon/Models/Furniture/Stool_square.fbx using Guid(6a987db90277a804ca12763b4edaac0d) Importer(815301076,1909f56bfc062723c751e8b465ee728b)  -> (artifact id: '4a166a27c07787af13211d719d9403a6') in 0.018046 seconds 
Number of asset objects unloaded after import = 10
========================================================================
Received Import Request.
  Time since last request: 0.000015 seconds.
  path: Assets/BrokenVector/LowPolyDungeon/Models/Furniture/Desk.fbx
  artifactKey: Guid(5b206fed98dd6d041b1c804df7d42011) Importer(815301076,1909f56bfc062723c751e8b465ee728b)
Number of updated assets reloaded before import = 0
Start importing Assets/BrokenVector/LowPolyDungeon/Models/Furniture/Desk.fbx using Guid(5b206fed98dd6d041b1c804df7d42011) Importer(815301076,1909f56bfc062723c751e8b465ee728b)  -> (artifact id: '722ddf28edf0c80d0884cd507a7c55d6') in 0.018735 seconds 
Number of asset objects unloaded after import = 12
========================================================================
Received Import Request.
  Time since last request: 0.000017 seconds.
  path: Assets/BrokenVector/LowPolyDungeon/Models/Furniture/Stool_round.fbx
  artifactKey: Guid(2fecc0ac19ff3de449e712fce3335198) Importer(815301076,1909f56bfc062723c751e8b465ee728b)
Number of updated assets reloaded before import = 0
Start importing Assets/BrokenVector/LowPolyDungeon/Models/Furniture/Stool_round.fbx using Guid(2fecc0ac19ff3de449e712fce3335198) Importer(815301076,1909f56bfc062723c751e8b465ee728b)  -> (artifact id: '03a204f71dd2c2cf1f8c81fc99726258') in 0.018436 seconds 
Number of asset objects unloaded after import = 10
========================================================================
Received Import Request.
  Time since last request: 0.000013 seconds.
  path: Assets/BrokenVector/LowPolyDungeon/Models/Furniture/Carpet_Green.fbx
  artifactKey: Guid(2db4b38c5968c334ba9ebd8d33dda174) Importer(815301076,1909f56bfc062723c751e8b465ee728b)
Number of updated assets reloaded before import = 0
Start importing Assets/BrokenVector/LowPolyDungeon/Models/Furniture/Carpet_Green.fbx using Guid(2db4b38c5968c334ba9ebd8d33dda174) Importer(815301076,1909f56bfc062723c751e8b465ee728b)  -> (artifact id: 'dc3667c014c0a6edaa453acfd611ddd3') in 0.017242 seconds 
Number of asset objects unloaded after import = 10
Editor requested this worker to shutdown with reason: Scaling down because of idle timeout
AssetImportWorker is now disconnected from the server
Process exiting
Exiting without the bug reporter. Application will terminate with return code 0